0,0,0,0,0,-1.836805
0,0,0,0,1,-1.775592
0,0,0,0,2,0.776025
0,0,0,0,3,-0.931568
0,0,0,0,4,0.340303
0,0,0,1,0,5.930205
0,0,0,1,1,6.031113
0,0,0,1,2,40.020317
0,0,0,1,3,6.092512
0,0,0,1,4,40.022574
0,0,0,2,0,4.405951
0,0,0,2,1,-9.807136
0,0,0,2,2,66.888308
0,0,0,2,3,13.735352
0,0,0,2,4,-1.393519
0,0,0,3,0,0.683733
0,0,0,3,1,0.695109
0,0,0,3,2,0.798211
0,0,0,3,3,0.195852
0,0,0,3,4,0.674782
0,0,0,4,0,0.998036
0,0,0,4,1,0.767210
0,0,0,4,2,0.152455
0,0,0,4,3,0.165270
0,0,0,4,4,0.150014
0,0,1,0,0,15.247845
0,0,1,0,1,-4.316024
0,0,1,0,2,-0.148878
0,0,1,0,3,-2.160260
0,0,1,0,4,-1.991193
0,0,1,1,0,-10.364493
0,0,1,1,1,-10.765402
0,0,1,1,2,39.915792
0,0,1,1,3,-10.208185
0,0,1,1,4,1.915615
0,0,1,2,0,39.993693
0,0,1,2,1,-9.866293
0,0,1,2,2,8.061241
0,0,1,2,3,-10.658705
0,0,1,2,4,-10.737530
0,0,1,3,0,0.079523
0,0,1,3,1,0.729715
0,0,1,3,2,0.753449
0,0,1,3,3,0.581835
0,0,1,3,4,0.110796
0,0,1,4,0,0.899213
0,0,1,4,1,0.074995
0,0,1,4,2,0.764899
0,0,1,4,3,0.990943
0,0,1,4,4,0.980755
0,0,2,0,0,-6.306248
0,0,2,0,1,-2.920541
0,0,2,0,2,-2.697982
0,0,2,0,3,-3.215753
0,0,2,0,4,20.089870
0,0,2,1,0,-10.058933
0,0,2,1,1,-10.502969
0,0,2,1,2,6.587336
0,0,2,1,3,-10.260334
0,0,2,1,4,-10.322566
0,0,2,2,0,-11.193663
0,0,2,2,1,-3.981425
0,0,2,2,2,8.098043
0,0,2,2,3,-11.129706
0,0,2,2,4,-11.106683
0,0,2,3,0,0.672065
0,0,2,3,1,0.091657
0,0,2,3,2,0.171989
0,0,2,3,3,0.442781
0,0,2,3,4,0.883271
0,0,2,4,0,0.329538
0,0,2,4,1,0.369494
0,0,2,4,2,0.593422
0,0,2,4,3,0.626824
0,0,2,4,4,0.228479
0,0,3,0,0,0.410831
0,0,3,0,1,0.163931
0,0,3,0,2,0.222493
0,0,3,0,3,0.115578
0,0,3,0,4,0.676383
0,0,3,1,0,24.792364
0,0,3,1,1,-2.639014
0,0,3,1,2,21.313128
0,0,3,1,3,-2.137382
0,0,3,1,4,-2.658931
0,0,3,2,0,-9.227078
0,0,3,2,1,39.990434
0,0,3,2,2,-6.906617
0,0,3,2,3,-9.221223
0,0,3,2,4,-10.259100
0,0,3,3,0,0.032726
0,0,3,3,1,0.047635
0,0,3,3,2,0.244192
0,0,3,3,3,0.504407
0,0,3,3,4,0.894762
0,0,3,4,0,0.968003
0,0,3,4,1,0.531275
0,0,3,4,2,0.791142
0,0,3,4,3,0.643423
0,0,3,4,4,0.871733
0,0,4,0,0,0.227708
0,0,4,0,1,0.010369
0,0,4,0,2,0.776279
0,0,4,0,3,0.669428
0,0,4,0,4,0.387547
0,0,4,1,0,0.861179
0,0,4,1,1,0.040079
0,0,4,1,2,0.273453
0,0,4,1,3,0.803647
0,0,4,1,4,0.493222
0,0,4,2,0,0.319889
0,0,4,2,1,0.850941
0,0,4,2,2,0.473982
0,0,4,2,3,-0.234153
0,0,4,2,4,0.017729
0,0,4,3,0,0.561393
0,0,4,3,1,0.478841
0,0,4,3,2,0.407459
0,0,4,3,3,0.002017
0,0,4,3,4,0.521556
0,0,4,4,0,0.581202
0,0,4,4,1,0.240512
0,0,4,4,2,0.241388
0,0,4,4,3,0.624095
0,0,4,4,4,0.160428
0,1,0,0,0,-0.752635
0,1,0,0,1,-0.364205
0,1,0,0,2,-1.797887
0,1,0,0,3,-0.442160
0,1,0,0,4,-0.954940
0,1,0,1,0,-0.920687
0,1,0,1,1,-0.874561
0,1,0,1,2,6.119661
0,1,0,1,3,-2.524052
0,1,0,1,4,-1.118087
0,1,0,2,0,-8.433635
0,1,0,2,1,3.324192
0,1,0,2,2,36.772724
0,1,0,2,3,36.630393
0,1,0,2,4,-1.704087
0,1,0,3,0,0.928693
0,1,0,3,1,0.718715
0,1,0,3,2,0.781062
0,1,0,3,3,0.839044
0,1,0,3,4,0.150667
0,1,0,4,0,0.811440
0,1,0,4,1,0.282874
0,1,0,4,2,0.919007
0,1,0,4,3,0.466102
0,1,0,4,4,0.457228
0,1,1,0,0,-3.851341
0,1,1,0,1,-4.219725
0,1,1,0,2,8.979942
0,1,1,0,3,-3.595788
0,1,1,0,4,7.087517
0,1,1,1,0,-9.568228
0,1,1,1,1,-9.877859
0,1,1,1,2,31.166059
0,1,1,1,3,-9.888272
0,1,1,1,4,-10.445271
0,1,1,2,0,-10.723078
0,1,1,2,1,-10.634136
0,1,1,2,2,19.556241
0,1,1,2,3,-2.920690
0,1,1,2,4,-10.694990
0,1,1,3,0,0.255488
0,1,1,3,1,0.796966
0,1,1,3,2,0.432258
0,1,1,3,3,0.215112
0,1,1,3,4,0.102965
0,1,1,4,0,0.019620
0,1,1,4,1,0.257919
0,1,1,4,2,0.205460
0,1,1,4,3,0.674818
0,1,1,4,4,0.719311
0,1,2,0,0,-2.996849
0,1,2,0,1,14.027792
0,1,2,0,2,-2.986034
0,1,2,0,3,-3.085301
0,1,2,0,4,-3.475812
0,1,2,1,0,-9.993755
0,1,2,1,1,-10.235693
0,1,2,1,2,1.451954
0,1,2,1,3,-9.942402
0,1,2,1,4,-6.585116
0,1,2,2,0,-11.482754
0,1,2,2,1,21.577548
0,1,2,2,2,-11.141287
0,1,2,2,3,-11.245766
0,1,2,2,4,-11.124384
0,1,2,3,0,0.177414
0,1,2,3,1,0.768543
0,1,2,3,2,0.651239
0,1,2,3,3,0.661736
0,1,2,3,4,0.924051
0,1,2,4,0,0.854620
0,1,2,4,1,0.167205
0,1,2,4,2,0.573682
0,1,2,4,3,0.024356
0,1,2,4,4,0.011130
0,1,3,0,0,0.515603
0,1,3,0,1,0.486300
0,1,3,0,2,0.158253
0,1,3,0,3,0.957494
0,1,3,0,4,0.811146
0,1,3,1,0,-3.054566
0,1,3,1,1,-3.766403
0,1,3,1,2,29.496922
0,1,3,1,3,-6.455594
0,1,3,1,4,2.945415
0,1,3,2,0,-8.974283
0,1,3,2,1,-7.657202
0,1,3,2,2,10.625788
0,1,3,2,3,-9.786455
0,1,3,2,4,-10.023189
0,1,3,3,0,0.588950
0,1,3,3,1,0.103061
0,1,3,3,2,0.014802
0,1,3,3,3,0.085276
0,1,3,3,4,0.992785
0,1,3,4,0,0.730259
0,1,3,4,1,0.472680
0,1,3,4,2,0.520359
0,1,3,4,3,0.372793
0,1,3,4,4,0.001067
0,1,4,0,0,0.292101
0,1,4,0,1,0.711879
0,1,4,0,2,0.059182
0,1,4,0,3,0.034783
0,1,4,0,4,0.386744
0,1,4,1,0,0.764167
0,1,4,1,1,0.164332
0,1,4,1,2,0.304247
0,1,4,1,3,0.710641
0,1,4,1,4,0.529915
0,1,4,2,0,0.129363
0,1,4,2,1,-0.811135
0,1,4,2,2,0.168233
0,1,4,2,3,-0.615727
0,1,4,2,4,-1.811234
0,1,4,3,0,0.767453
0,1,4,3,1,0.155596
0,1,4,3,2,0.345888
0,1,4,3,3,0.572062
0,1,4,3,4,0.178693
0,1,4,4,0,0.014126
0,1,4,4,1,0.210573
0,1,4,4,2,0.523802
0,1,4,4,3,0.224644
0,1,4,4,4,0.921121
0,2,0,0,0,-1.915336
0,2,0,0,1,-1.163236
0,2,0,0,2,-2.441028
0,2,0,0,3,-0.507860
0,2,0,0,4,-1.693382
0,2,0,1,0,19.681481
0,2,0,1,1,-4.974934
0,2,0,1,2,21.697289
0,2,0,1,3,-7.009009
0,2,0,1,4,-6.396713
0,2,0,2,0,-4.179243
0,2,0,2,1,-3.068615
0,2,0,2,2,-3.219296
0,2,0,2,3,-2.787700
0,2,0,2,4,-4.082353
0,2,0,3,0,0.338568
0,2,0,3,1,0.003749
0,2,0,3,2,0.385658
0,2,0,3,3,0.481085
0,2,0,3,4,0.139913
0,2,0,4,0,0.314425
0,2,0,4,1,0.735822
0,2,0,4,2,0.384067
0,2,0,4,3,0.780930
0,2,0,4,4,0.422092
0,2,1,0,0,-7.835670
0,2,1,0,1,-9.913823
0,2,1,0,2,29.271438
0,2,1,0,3,-3.471814
0,2,1,0,4,-6.826084
0,2,1,1,0,-5.885961
0,2,1,1,1,-10.643107
0,2,1,1,2,26.815763
0,2,1,1,3,-9.922482
0,2,1,1,4,-10.624450
0,2,1,2,0,-10.082937
0,2,1,2,1,-9.886266
0,2,1,2,2,0.881637
0,2,1,2,3,-10.779033
0,2,1,2,4,-9.873629
0,2,1,3,0,0.153007
0,2,1,3,1,0.922406
0,2,1,3,2,0.796004
0,2,1,3,3,0.218082
0,2,1,3,4,0.588594
0,2,1,4,0,0.664094
0,2,1,4,1,0.255439
0,2,1,4,2,0.734269
0,2,1,4,3,0.736988
0,2,1,4,4,0.097701
0,2,2,0,0,-7.895823
0,2,2,0,1,-8.099158
0,2,2,0,2,29.209392
0,2,2,0,3,-8.132767
0,2,2,0,4,-7.786676
0,2,2,1,0,-11.099373
0,2,2,1,1,-10.386939
0,2,2,1,2,-2.021801
0,2,2,1,3,-9.357920
0,2,2,1,4,-10.358756
0,2,2,2,0,18.920402
0,2,2,2,1,-10.791845
0,2,2,2,2,-9.747499
0,2,2,2,3,-10.927196
0,2,2,2,4,-11.453556
0,2,2,3,0,0.736279
0,2,2,3,1,0.215357
0,2,2,3,2,0.050324
0,2,2,3,3,0.301001
0,2,2,3,4,0.001464
0,2,2,4,0,0.170071
0,2,2,4,1,0.357373
0,2,2,4,2,0.021716
0,2,2,4,3,0.333740
0,2,2,4,4,0.748628
0,2,3,0,0,0.106242
0,2,3,0,1,0.099146
0,2,3,0,2,0.816359
0,2,3,0,3,0.809580
0,2,3,0,4,0.814519
0,2,3,1,0,-2.327717
0,2,3,1,1,6.935235
0,2,3,1,2,1.131784
0,2,3,1,3,-2.228802
0,2,3,1,4,-1.679075
0,2,3,2,0,-8.526398
0,2,3,2,1,-8.516325
0,2,3,2,2,4.678799
0,2,3,2,3,-8.798856
0,2,3,2,4,27.720453
0,2,3,3,0,0.507302
0,2,3,3,1,0.740857
0,2,3,3,2,0.806888
0,2,3,3,3,0.760396
0,2,3,3,4,0.586584
0,2,3,4,0,0.608506
0,2,3,4,1,0.050947
0,2,3,4,2,0.376439
0,2,3,4,3,0.159828
0,2,3,4,4,0.940421
0,2,4,0,0,0.406723
0,2,4,0,1,0.385333
0,2,4,0,2,0.645597
0,2,4,0,3,0.222090
0,2,4,0,4,0.512927
0,2,4,1,0,0.955277
0,2,4,1,1,0.092969
0,2,4,1,2,0.418488
0,2,4,1,3,0.866569
0,2,4,1,4,0.875067
0,2,4,2,0,0.308886
0,2,4,2,1,0.049655
0,2,4,2,2,0.416303
0,2,4,2,3,0.519883
0,2,4,2,4,0.870452
0,2,4,3,0,0.657175
0,2,4,3,1,0.926249
0,2,4,3,2,0.100947
0,2,4,3,3,0.645016
0,2,4,3,4,0.512185
0,2,4,4,0,0.003116
0,2,4,4,1,0.651715
0,2,4,4,2,0.176225
0,2,4,4,3,0.127438
0,2,4,4,4,0.930477
0,3,0,0,0,-0.636633
0,3,0,0,1,-0.867259
0,3,0,0,2,8.260268
0,3,0,0,3,-1.505128
0,3,0,0,4,-1.312932
0,3,0,1,0,-8.443766
0,3,0,1,1,-6.971895
0,3,0,1,2,5.217857
0,3,0,1,3,-6.563363
0,3,0,1,4,-6.769561
0,3,0,2,0,-6.689550
0,3,0,2,1,-3.509391
0,3,0,2,2,-3.298093
0,3,0,2,3,-7.014364
0,3,0,2,4,-6.902004
0,3,0,3,0,0.571795
0,3,0,3,1,0.872673
0,3,0,3,2,0.339636
0,3,0,3,3,0.714553
0,3,0,3,4,0.540145
0,3,0,4,0,0.668028
0,3,0,4,1,0.414676
0,3,0,4,2,0.775131
0,3,0,4,3,0.640390
0,3,0,4,4,0.830517
0,3,1,0,0,-7.171784
0,3,1,0,1,-7.019592
0,3,1,0,2,26.479072
0,3,1,0,3,-6.178463
0,3,1,0,4,-9.959631
0,3,1,1,0,-10.493730
0,3,1,1,1,-10.892716
0,3,1,1,2,9.015421
0,3,1,1,3,-10.293068
0,3,1,1,4,-9.641693
0,3,1,2,0,-10.809450
0,3,1,2,1,-5.327477
0,3,1,2,2,-4.856178
0,3,1,2,3,-10.006088
0,3,1,2,4,-11.248175
0,3,1,3,0,0.288426
0,3,1,3,1,0.197193
0,3,1,3,2,0.015382
0,3,1,3,3,0.588885
0,3,1,3,4,0.563565
0,3,1,4,0,0.051309
0,3,1,4,1,0.543239
0,3,1,4,2,0.161267
0,3,1,4,3,0.417106
0,3,1,4,4,0.125745
0,3,2,0,0,1.700344
0,3,2,0,1,-6.286350
0,3,2,0,2,10.845292
0,3,2,0,3,-4.875863
0,3,2,0,4,-3.285382
0,3,2,1,0,-10.189567
0,3,2,1,1,-10.623339
0,3,2,1,2,-4.848394
0,3,2,1,3,-10.097816
0,3,2,1,4,-9.572172
0,3,2,2,0,-10.720788
0,3,2,2,1,-10.098039
0,3,2,2,2,-10.903110
0,3,2,2,3,-10.635257
0,3,2,2,4,-11.439967
0,3,2,3,0,0.597318
0,3,2,3,1,0.232169
0,3,2,3,2,0.148497
0,3,2,3,3,0.783359
0,3,2,3,4,0.364672
0,3,2,4,0,0.130386
0,3,2,4,1,0.593401
0,3,2,4,2,0.283474
0,3,2,4,3,0.530211
0,3,2,4,4,0.394765
0,3,3,0,0,0.762117
0,3,3,0,1,0.554238
0,3,3,0,2,0.308791
0,3,3,0,3,0.926585
0,3,3,0,4,0.168221
0,3,3,1,0,-7.465836
0,3,3,1,1,-0.862285
0,3,3,1,2,-2.677392
0,3,3,1,3,-8.528641
0,3,3,1,4,-7.515910
0,3,3,2,0,-9.535623
0,3,3,2,1,-9.530093
0,3,3,2,2,-3.939301
0,3,3,2,3,-9.540308
0,3,3,2,4,-9.799675
0,3,3,3,0,0.001784
0,3,3,3,1,0.698000
0,3,3,3,2,0.179338
0,3,3,3,3,0.340949
0,3,3,3,4,0.184960
0,3,3,4,0,0.997837
0,3,3,4,1,0.903683
0,3,3,4,2,0.171986
0,3,3,4,3,0.088624
0,3,3,4,4,0.297619
0,3,4,0,0,0.606066
0,3,4,0,1,0.444863
0,3,4,0,2,0.295343
0,3,4,0,3,0.805069
0,3,4,0,4,0.491006
0,3,4,1,0,0.010648
0,3,4,1,1,0.098003
0,3,4,1,2,0.564903
0,3,4,1,3,0.921165
0,3,4,1,4,0.856286
0,3,4,2,0,-1.847307
0,3,4,2,1,-8.544716
0,3,4,2,2,-8.530879
0,3,4,2,3,-0.661742
0,3,4,2,4,-0.744402
0,3,4,3,0,0.028185
0,3,4,3,1,0.076240
0,3,4,3,2,0.352974
0,3,4,3,3,0.870343
0,3,4,3,4,0.745477
0,3,4,4,0,0.112294
0,3,4,4,1,0.244376
0,3,4,4,2,0.963057
0,3,4,4,3,0.039120
0,3,4,4,4,0.268063
0,4,0,0,0,0.053326
0,4,0,0,1,0.237340
0,4,0,0,2,1.024242
0,4,0,0,3,0.669043
0,4,0,0,4,0.544891
0,4,0,1,0,-0.806773
0,4,0,1,1,-7.921320
0,4,0,1,2,10.357662
0,4,0,1,3,-5.940688
0,4,0,1,4,-7.710899
0,4,0,2,0,-6.385377
0,4,0,2,1,-9.533783
0,4,0,2,2,-0.077205
0,4,0,2,3,-9.615085
0,4,0,2,4,-7.032862
0,4,0,3,0,0.096385
0,4,0,3,1,0.174754
0,4,0,3,2,0.564976
0,4,0,3,3,0.179232
0,4,0,3,4,0.735141
0,4,0,4,0,0.020159
0,4,0,4,1,0.382806
0,4,0,4,2,0.212549
0,4,0,4,3,0.633814
0,4,0,4,4,0.233594
0,4,1,0,0,-7.376211
0,4,1,0,1,-8.222494
0,4,1,0,2,-3.374419
0,4,1,0,3,-7.364515
0,4,1,0,4,-7.196367
0,4,1,1,0,-10.193810
0,4,1,1,1,-10.953548
0,4,1,1,2,-9.451913
0,4,1,1,3,-10.917820
0,4,1,1,4,-10.302288
0,4,1,2,0,-9.439097
0,4,1,2,1,-10.912513
0,4,1,2,2,-10.153206
0,4,1,2,3,-11.179137
0,4,1,2,4,-11.433174
0,4,1,3,0,0.843217
0,4,1,3,1,0.427716
0,4,1,3,2,0.288434
0,4,1,3,3,0.914493
0,4,1,3,4,0.423378
0,4,1,4,0,0.440721
0,4,1,4,1,0.293036
0,4,1,4,2,0.501353
0,4,1,4,3,0.534042
0,4,1,4,4,0.405840
0,4,2,0,0,-6.551814
0,4,2,0,1,-9.762925
0,4,2,0,2,13.505105
0,4,2,0,3,-10.163152
0,4,2,0,4,-7.438268
0,4,2,1,0,-7.789584
0,4,2,1,1,-10.688821
0,4,2,1,2,-8.238420
0,4,2,1,3,-10.667235
0,4,2,1,4,-10.868488
0,4,2,2,0,-7.544246
0,4,2,2,1,-11.454563
0,4,2,2,2,-6.690905
0,4,2,2,3,-11.183265
0,4,2,2,4,-10.890057
0,4,2,3,0,0.808950
0,4,2,3,1,0.344749
0,4,2,3,2,0.796592
0,4,2,3,3,0.305804
0,4,2,3,4,0.707593
0,4,2,4,0,0.315217
0,4,2,4,1,0.357902
0,4,2,4,2,0.036978
0,4,2,4,3,0.551895
0,4,2,4,4,0.517498
0,4,3,0,0,0.200296
0,4,3,0,1,0.688333
0,4,3,0,2,0.309115
0,4,3,0,3,0.461196
0,4,3,0,4,0.501039
0,4,3,1,0,-7.572225
0,4,3,1,1,-1.927041
0,4,3,1,2,-8.917121
0,4,3,1,3,-5.795854
0,4,3,1,4,-2.215195
0,4,3,2,0,-9.360873
0,4,3,2,1,-9.416730
0,4,3,2,2,-9.814381
0,4,3,2,3,-0.536127
0,4,3,2,4,-9.411904
0,4,3,3,0,0.698782
0,4,3,3,1,0.499518
0,4,3,3,2,0.814753
0,4,3,3,3,0.482051
0,4,3,3,4,0.846214
0,4,3,4,0,0.350032
0,4,3,4,1,0.455161
0,4,3,4,2,0.029641
0,4,3,4,3,0.534274
0,4,3,4,4,0.061261
0,4,4,0,0,0.990927
0,4,4,0,1,0.332826
0,4,4,0,2,0.819153
0,4,4,0,3,0.316678
0,4,4,0,4,0.888932
0,4,4,1,0,0.543319
0,4,4,1,1,0.373837
0,4,4,1,2,0.433983
0,4,4,1,3,0.314857
0,4,4,1,4,0.586145
0,4,4,2,0,-2.550873
0,4,4,2,1,-8.916131
0,4,4,2,2,-2.307246
0,4,4,2,3,-6.638809
0,4,4,2,4,-2.171667
0,4,4,3,0,0.529364
0,4,4,3,1,0.489001
0,4,4,3,2,0.395989
0,4,4,3,3,0.445479
0,4,4,3,4,0.782199
0,4,4,4,0,0.609815
0,4,4,4,1,0.461195
0,4,4,4,2,0.020871
0,4,4,4,3,0.215719
0,4,4,4,4,0.501089
1,0,0,0,0,0.763507
1,0,0,0,1,72.392455
1,0,0,0,2,69.153210
1,0,0,0,3,0.967799
1,0,0,0,4,0.639442
1,0,0,1,0,26.495012
1,0,0,1,1,18.303548
1,0,0,1,2,33.483776
1,0,0,1,3,0.725148
1,0,0,1,4,24.562105
1,0,0,2,0,6.463263
1,0,0,2,1,7.384185
1,0,0,2,2,14.775647
1,0,0,2,3,13.522809
1,0,0,2,4,1.857344
1,0,0,3,0,0.969503
1,0,0,3,1,0.480990
1,0,0,3,2,0.685743
1,0,0,3,3,0.936633
1,0,0,3,4,0.432457
1,0,0,4,0,0.493073
1,0,0,4,1,0.239408
1,0,0,4,2,0.687215
1,0,0,4,3,0.895833
1,0,0,4,4,0.761405
1,0,1,0,0,20.077761
1,0,1,0,1,-2.790285
1,0,1,0,2,19.557180
1,0,1,0,3,2.325550
1,0,1,0,4,-4.274032
1,0,1,1,0,-8.155196
1,0,1,1,1,-9.698954
1,0,1,1,2,15.583335
1,0,1,1,3,-9.339974
1,0,1,1,4,1.372153
1,0,1,2,0,-8.906626
1,0,1,2,1,-8.548951
1,0,1,2,2,-3.933889
1,0,1,2,3,-8.575032
1,0,1,2,4,31.685521
1,0,1,3,0,0.051215
1,0,1,3,1,0.059271
1,0,1,3,2,0.257544
1,0,1,3,3,0.876453
1,0,1,3,4,0.091038
1,0,1,4,0,0.090025
1,0,1,4,1,0.409497
1,0,1,4,2,0.887859
1,0,1,4,3,0.679973
1,0,1,4,4,0.441508
1,0,2,0,0,3.387654
1,0,2,0,1,0.504373
1,0,2,0,2,9.088205
1,0,2,0,3,4.128332
1,0,2,0,4,0.714566
1,0,2,1,0,-9.017122
1,0,2,1,1,-7.813508
1,0,2,1,2,-2.864152
1,0,2,1,3,-7.792435
1,0,2,1,4,34.853178
1,0,2,2,0,24.344901
1,0,2,2,1,-9.346190
1,0,2,2,2,-6.104806
1,0,2,2,3,-9.721811
1,0,2,2,4,-9.506536
1,0,2,3,0,0.343665
1,0,2,3,1,0.192617
1,0,2,3,2,0.500020
1,0,2,3,3,0.243213
1,0,2,3,4,0.905960
1,0,2,4,0,0.127917
1,0,2,4,1,0.458057
1,0,2,4,2,0.701453
1,0,2,4,3,0.608303
1,0,2,4,4,0.171823
1,0,3,0,0,0.485794
1,0,3,0,1,0.940598
1,0,3,0,2,0.693403
1,0,3,0,3,0.346446
1,0,3,0,4,0.023962
1,0,3,1,0,-3.927364
1,0,3,1,1,-2.566172
1,0,3,1,2,30.398526
1,0,3,1,3,-3.065904
1,0,3,1,4,12.191709
1,0,3,2,0,1.380847
1,0,3,2,1,-7.478371
1,0,3,2,2,39.851256
1,0,3,2,3,-7.455696
1,0,3,2,4,-7.422326
1,0,3,3,0,0.234763
1,0,3,3,1,0.732394
1,0,3,3,2,0.301928
1,0,3,3,3,0.471846
1,0,3,3,4,0.143666
1,0,3,4,0,0.241891
1,0,3,4,1,0.535015
1,0,3,4,2,0.847306
1,0,3,4,3,0.038670
1,0,3,4,4,0.850711
1,0,4,0,0,0.331008
1,0,4,0,1,0.942743
1,0,4,0,2,0.471871
1,0,4,0,3,0.285420
1,0,4,0,4,0.305697
1,0,4,1,0,0.235385
1,0,4,1,1,0.370826
1,0,4,1,2,0.187202
1,0,4,1,3,0.308391
1,0,4,1,4,0.178695
1,0,4,2,0,-4.403568
1,0,4,2,1,-2.195932
1,0,4,2,2,13.245341
1,0,4,2,3,-2.322249
1,0,4,2,4,-0.614903
1,0,4,3,0,0.084891
1,0,4,3,1,0.444763
1,0,4,3,2,0.714425
1,0,4,3,3,0.068813
1,0,4,3,4,0.706363
1,0,4,4,0,0.032920
1,0,4,4,1,0.499082
1,0,4,4,2,0.974065
1,0,4,4,3,0.892906
1,0,4,4,4,0.826353
1,1,0,0,0,21.570614
1,1,0,0,1,3.905495
1,1,0,0,2,24.324248
1,1,0,0,3,18.516841
1,1,0,0,4,17.944893
1,1,0,1,0,18.984324
1,1,0,1,1,0.372634
1,1,0,1,2,15.982104
1,1,0,1,3,-2.089196
1,1,0,1,4,3.690384
1,1,0,2,0,-2.378617
1,1,0,2,1,2.066734
1,1,0,2,2,5.235791
1,1,0,2,3,0.860081
1,1,0,2,4,1.520126
1,1,0,3,0,0.985270
1,1,0,3,1,0.764903
1,1,0,3,2,0.010113
1,1,0,3,3,0.004285
1,1,0,3,4,0.830189
1,1,0,4,0,0.804085
1,1,0,4,1,0.243145
1,1,0,4,2,0.491203
1,1,0,4,3,0.144691
1,1,0,4,4,0.540953
1,1,1,0,0,-0.372675
1,1,1,0,1,-0.984513
1,1,1,0,2,11.739901
1,1,1,0,3,-1.319335
1,1,1,0,4,9.572945
1,1,1,1,0,-3.678442
1,1,1,1,1,-9.239642
1,1,1,1,2,7.604879
1,1,1,1,3,-9.272339
1,1,1,1,4,-7.652817
1,1,1,2,0,-9.394326
1,1,1,2,1,-9.445749
1,1,1,2,2,12.243532
1,1,1,2,3,-9.161515
1,1,1,2,4,-9.179684
1,1,1,3,0,0.342171
1,1,1,3,1,0.849560
1,1,1,3,2,0.642584
1,1,1,3,3,0.363238
1,1,1,3,4,0.561845
1,1,1,4,0,0.651458
1,1,1,4,1,0.070826
1,1,1,4,2,0.252786
1,1,1,4,3,0.375748
1,1,1,4,4,0.780793
1,1,2,0,0,0.000379
1,1,2,0,1,0.498565
1,1,2,0,2,-1.624501
1,1,2,0,3,1.359734
1,1,2,0,4,-0.881901
1,1,2,1,0,-8.613088
1,1,2,1,1,-8.628669
1,1,2,1,2,-0.880019
1,1,2,1,3,-9.521862
1,1,2,1,4,-8.636750
1,1,2,2,0,-9.746307
1,1,2,2,1,-10.233871
1,1,2,2,2,-9.758958
1,1,2,2,3,-9.989098
1,1,2,2,4,18.928594
1,1,2,3,0,0.539647
1,1,2,3,1,0.351339
1,1,2,3,2,0.872949
1,1,2,3,3,0.312200
1,1,2,3,4,0.506582
1,1,2,4,0,0.298706
1,1,2,4,1,0.361210
1,1,2,4,2,0.921274
1,1,2,4,3,0.434206
1,1,2,4,4,0.535103
1,1,3,0,0,0.149773
1,1,3,0,1,0.523322
1,1,3,0,2,0.914576
1,1,3,0,3,0.106240
1,1,3,0,4,0.290409
1,1,3,1,0,7.084776
1,1,3,1,1,-2.430466
1,1,3,1,2,15.051133
1,1,3,1,3,-1.776734
1,1,3,1,4,-2.455272
1,1,3,2,0,-7.669698
1,1,3,2,1,-4.628905
1,1,3,2,2,-9.356331
1,1,3,2,3,-7.648461
1,1,3,2,4,-7.449982
1,1,3,3,0,0.790296
1,1,3,3,1,0.247640
1,1,3,3,2,0.862766
1,1,3,3,3,0.342486
1,1,3,3,4,0.524454
1,1,3,4,0,0.120687
1,1,3,4,1,0.682082
1,1,3,4,2,0.761905
1,1,3,4,3,0.391247
1,1,3,4,4,0.302447
1,1,4,0,0,0.519292
1,1,4,0,1,0.260574
1,1,4,0,2,0.357470
1,1,4,0,3,0.700834
1,1,4,0,4,0.594515
1,1,4,1,0,0.570541
1,1,4,1,1,0.407831
1,1,4,1,2,0.058737
1,1,4,1,3,0.792127
1,1,4,1,4,0.858597
1,1,4,2,0,-0.906962
1,1,4,2,1,-0.363004
1,1,4,2,2,-2.372841
1,1,4,2,3,0.102487
1,1,4,2,4,-0.250492
1,1,4,3,0,0.811416
1,1,4,3,1,0.236883
1,1,4,3,2,0.199626
1,1,4,3,3,0.228724
1,1,4,3,4,0.500128
1,1,4,4,0,0.977085
1,1,4,4,1,0.015870
1,1,4,4,2,0.095439
1,1,4,4,3,0.418622
1,1,4,4,4,0.770865
1,2,0,0,0,0.340682
1,2,0,0,1,-0.545226
1,2,0,0,2,-0.247685
1,2,0,0,3,0.469911
1,2,0,0,4,-0.058037
1,2,0,1,0,6.147505
1,2,0,1,1,7.298745
1,2,0,1,2,20.265504
1,2,0,1,3,-3.652227
1,2,0,1,4,-3.775140
1,2,0,2,0,-0.890657
1,2,0,2,1,-4.296924
1,2,0,2,2,5.451348
1,2,0,2,3,-1.612155
1,2,0,2,4,-1.121790
1,2,0,3,0,0.366260
1,2,0,3,1,0.503733
1,2,0,3,2,0.990674
1,2,0,3,3,0.076841
1,2,0,3,4,0.348597
1,2,0,4,0,0.407630
1,2,0,4,1,0.516210
1,2,0,4,2,0.016789
1,2,0,4,3,0.464294
1,2,0,4,4,0.475942
1,2,1,0,0,-4.029370
1,2,1,0,1,-3.660556
1,2,1,0,2,17.459672
1,2,1,0,3,2.149817
1,2,1,0,4,-8.145106
1,2,1,1,0,-9.418522
1,2,1,1,1,-9.431944
1,2,1,1,2,13.053308
1,2,1,1,3,-9.444291
1,2,1,1,4,11.168884
1,2,1,2,0,-6.333395
1,2,1,2,1,-9.256915
1,2,1,2,2,0.427785
1,2,1,2,3,-9.187276
1,2,1,2,4,-9.189843
1,2,1,3,0,0.836260
1,2,1,3,1,0.736253
1,2,1,3,2,0.719380
1,2,1,3,3,0.354735
1,2,1,3,4,0.852674
1,2,1,4,0,0.931512
1,2,1,4,1,0.826274
1,2,1,4,2,0.500077
1,2,1,4,3,0.046868
1,2,1,4,4,0.583907
1,2,2,0,0,-0.490834
1,2,2,0,1,-2.142181
1,2,2,0,2,10.569673
1,2,2,0,3,-0.661367
1,2,2,0,4,12.827999
1,2,2,1,0,-3.983487
1,2,2,1,1,-9.345530
1,2,2,1,2,-2.842949
1,2,2,1,3,-9.400266
1,2,2,1,4,-10.173992
1,2,2,2,0,-9.868000
1,2,2,2,1,-9.897471
1,2,2,2,2,-2.868717
1,2,2,2,3,-9.962704
1,2,2,2,4,-9.578498
1,2,2,3,0,0.279027
1,2,2,3,1,0.893503
1,2,2,3,2,0.944397
1,2,2,3,3,0.292088
1,2,2,3,4,0.166326
1,2,2,4,0,0.488545
1,2,2,4,1,0.489613
1,2,2,4,2,0.575173
1,2,2,4,3,0.632917
1,2,2,4,4,0.847711
1,2,3,0,0,0.301759
1,2,3,0,1,0.703954
1,2,3,0,2,0.878321
1,2,3,0,3,0.825485
1,2,3,0,4,0.931821
1,2,3,1,0,-3.256474
1,2,3,1,1,-2.525422
1,2,3,1,2,8.386614
1,2,3,1,3,-3.123337
1,2,3,1,4,-3.245075
1,2,3,2,0,4.517413
1,2,3,2,1,-6.456706
1,2,3,2,2,25.216464
1,2,3,2,3,-7.541136
1,2,3,2,4,-6.339874
1,2,3,3,0,0.071706
1,2,3,3,1,0.864040
1,2,3,3,2,0.759353
1,2,3,3,3,0.630214
1,2,3,3,4,0.660935
1,2,3,4,0,0.160605
1,2,3,4,1,0.130759
1,2,3,4,2,0.565778
1,2,3,4,3,0.547645
1,2,3,4,4,0.166519
1,2,4,0,0,0.037737
1,2,4,0,1,0.798717
1,2,4,0,2,0.950530
1,2,4,0,3,0.743667
1,2,4,0,4,0.196103
1,2,4,1,0,0.634415
1,2,4,1,1,0.306553
1,2,4,1,2,0.705586
1,2,4,1,3,0.988590
1,2,4,1,4,0.820875
1,2,4,2,0,13.336862
1,2,4,2,1,0.361167
1,2,4,2,2,17.483552
1,2,4,2,3,0.085032
1,2,4,2,4,3.658030
1,2,4,3,0,0.795479
1,2,4,3,1,0.610303
1,2,4,3,2,0.141572
1,2,4,3,3,0.628228
1,2,4,3,4,0.245441
1,2,4,4,0,0.856924
1,2,4,4,1,0.434778
1,2,4,4,2,0.815254
1,2,4,4,3,0.053993
1,2,4,4,4,0.971702
1,3,0,0,0,-0.391691
1,3,0,0,1,6.852195
1,3,0,0,2,8.100590
1,3,0,0,3,-0.191695
1,3,0,0,4,17.960986
1,3,0,1,0,2.867782
1,3,0,1,1,15.154336
1,3,0,1,2,-4.906940
1,3,0,1,3,-4.333903
1,3,0,1,4,-4.477808
1,3,0,2,0,-3.774067
1,3,0,2,1,-4.511422
1,3,0,2,2,22.181406
1,3,0,2,3,-4.350778
1,3,0,2,4,-5.534212
1,3,0,3,0,0.584188
1,3,0,3,1,0.675270
1,3,0,3,2,0.777594
1,3,0,3,3,0.176758
1,3,0,3,4,0.656765
1,3,0,4,0,0.505105
1,3,0,4,1,0.998196
1,3,0,4,2,0.984741
1,3,0,4,3,0.746710
1,3,0,4,4,0.316929
1,3,1,0,0,-4.273515
1,3,1,0,1,-4.484736
1,3,1,0,2,-4.543238
1,3,1,0,3,-4.604603
1,3,1,0,4,-4.592937
1,3,1,1,0,-9.808298
1,3,1,1,1,-8.993116
1,3,1,1,2,18.343464
1,3,1,1,3,-9.915748
1,3,1,1,4,-9.738454
1,3,1,2,0,-8.987745
1,3,1,2,1,-3.923171
1,3,1,2,2,25.919793
1,3,1,2,3,-9.865918
1,3,1,2,4,-9.987564
1,3,1,3,0,0.420422
1,3,1,3,1,0.542331
1,3,1,3,2,0.164417
1,3,1,3,3,0.333749
1,3,1,3,4,0.865437
1,3,1,4,0,0.140417
1,3,1,4,1,0.438869
1,3,1,4,2,0.876935
1,3,1,4,3,0.721314
1,3,1,4,4,0.497191
1,3,2,0,0,-5.146814
1,3,2,0,1,-5.028477
1,3,2,0,2,0.135017
1,3,2,0,3,-5.162026
1,3,2,0,4,-10.029493
1,3,2,1,0,-9.621952
1,3,2,1,1,-9.949358
1,3,2,1,2,-8.179310
1,3,2,1,3,-9.662749
1,3,2,1,4,-9.915596
1,3,2,2,0,-9.962952
1,3,2,2,1,-10.097853
1,3,2,2,2,-10.467604
1,3,2,2,3,-9.950075
1,3,2,2,4,-9.994080
1,3,2,3,0,0.669891
1,3,2,3,1,0.478110
1,3,2,3,2,0.729407
1,3,2,3,3,0.393577
1,3,2,3,4,0.392605
1,3,2,4,0,0.202683
1,3,2,4,1,0.497862
1,3,2,4,2,0.383689
1,3,2,4,3,0.945765
1,3,2,4,4,0.711252
1,3,3,0,0,0.608778
1,3,3,0,1,0.189705
1,3,3,0,2,0.693149
1,3,3,0,3,0.553204
1,3,3,0,4,0.871947
1,3,3,1,0,-5.537608
1,3,3,1,1,-5.491188
1,3,3,1,2,7.722233
1,3,3,1,3,-0.064766
1,3,3,1,4,-5.589205
1,3,3,2,0,3.943419
1,3,3,2,1,-8.322065
1,3,3,2,2,6.175489
1,3,3,2,3,-8.285364
1,3,3,2,4,-8.259517
1,3,3,3,0,0.009808
1,3,3,3,1,0.651135
1,3,3,3,2,0.338842
1,3,3,3,3,0.088714
1,3,3,3,4,0.309650
1,3,3,4,0,0.021960
1,3,3,4,1,0.214172
1,3,3,4,2,0.572915
1,3,3,4,3,0.697251
1,3,3,4,4,0.561619
1,3,4,0,0,0.685202
1,3,4,0,1,0.429373
1,3,4,0,2,0.044413
1,3,4,0,3,0.788454
1,3,4,0,4,0.548050
1,3,4,1,0,0.669864
1,3,4,1,1,0.465399
1,3,4,1,2,0.190656
1,3,4,1,3,0.169620
1,3,4,1,4,0.871265
1,3,4,2,0,-0.487293
1,3,4,2,1,-0.508683
1,3,4,2,2,0.097620
1,3,4,2,3,-0.603735
1,3,4,2,4,-0.696984
1,3,4,3,0,0.633060
1,3,4,3,1,0.032936
1,3,4,3,2,0.219034
1,3,4,3,3,0.774874
1,3,4,3,4,0.520002
1,3,4,4,0,0.845810
1,3,4,4,1,0.216636
1,3,4,4,2,0.923747
1,3,4,4,3,0.740329
1,3,4,4,4,0.927578
1,4,0,0,0,-0.533625
1,4,0,0,1,-0.213438
1,4,0,0,2,14.413529
1,4,0,0,3,0.061375
1,4,0,0,4,0.026618
1,4,0,1,0,-7.190341
1,4,0,1,1,-7.331309
1,4,0,1,2,19.518225
1,4,0,1,3,-7.387236
1,4,0,1,4,-7.787545
1,4,0,2,0,-5.050277
1,4,0,2,1,-4.766698
1,4,0,2,2,-9.092637
1,4,0,2,3,-4.983127
1,4,0,2,4,-5.290006
1,4,0,3,0,0.491023
1,4,0,3,1,0.280278
1,4,0,3,2,0.072311
1,4,0,3,3,0.496000
1,4,0,3,4,0.838285
1,4,0,4,0,0.285336
1,4,0,4,1,0.930507
1,4,0,4,2,0.051497
1,4,0,4,3,0.985971
1,4,0,4,4,0.038657
1,4,1,0,0,-8.602349
1,4,1,0,1,-8.678557
1,4,1,0,2,8.433300
1,4,1,0,3,3.177582
1,4,1,0,4,-8.677390
1,4,1,1,0,-9.887457
1,4,1,1,1,-9.999929
1,4,1,1,2,-7.103273
1,4,1,1,3,-9.991505
1,4,1,1,4,-10.177574
1,4,1,2,0,-1.353404
1,4,1,2,1,-9.932246
1,4,1,2,2,-7.306690
1,4,1,2,3,-9.822890
1,4,1,2,4,-9.933756
1,4,1,3,0,0.733149
1,4,1,3,1,0.553939
1,4,1,3,2,0.973726
1,4,1,3,3,0.254234
1,4,1,3,4,0.649831
1,4,1,4,0,0.407466
1,4,1,4,1,0.187351
1,4,1,4,2,0.995334
1,4,1,4,3,0.152871
1,4,1,4,4,0.452660
1,4,2,0,0,-6.768636
1,4,2,0,1,-0.370566
1,4,2,0,2,-7.091551
1,4,2,0,3,-7.090687
1,4,2,0,4,-9.972275
1,4,2,1,0,-10.281116
1,4,2,1,1,-10.067448
1,4,2,1,2,0.048859
1,4,2,1,3,-9.790852
1,4,2,1,4,-9.908494
1,4,2,2,0,-10.176959
1,4,2,2,1,-10.016256
1,4,2,2,2,-1.768104
1,4,2,2,3,-9.959747
1,4,2,2,4,-9.935790
1,4,2,3,0,0.260100
1,4,2,3,1,0.062784
1,4,2,3,2,0.244900
1,4,2,3,3,0.422105
1,4,2,3,4,0.605255
1,4,2,4,0,0.696067
1,4,2,4,1,0.546873
1,4,2,4,2,0.969110
1,4,2,4,3,0.668142
1,4,2,4,4,0.230852
1,4,3,0,0,0.904318
1,4,3,0,1,0.109768
1,4,3,0,2,0.625946
1,4,3,0,3,0.732826
1,4,3,0,4,0.235221
1,4,3,1,0,-9.337072
1,4,3,1,1,-2.838935
1,4,3,1,2,3.546983
1,4,3,1,3,-1.448086
1,4,3,1,4,22.945301
1,4,3,2,0,-8.857831
1,4,3,2,1,2.374529
1,4,3,2,2,1.137451
1,4,3,2,3,-8.941053
1,4,3,2,4,-8.888755
1,4,3,3,0,0.422206
1,4,3,3,1,0.531854
1,4,3,3,2,0.726326
1,4,3,3,3,0.088083
1,4,3,3,4,0.404693
1,4,3,4,0,0.757745
1,4,3,4,1,0.111254
1,4,3,4,2,0.549675
1,4,3,4,3,0.938797
1,4,3,4,4,0.719608
1,4,4,0,0,0.855272
1,4,4,0,1,0.526010
1,4,4,0,2,0.699642
1,4,4,0,3,0.978163
1,4,4,0,4,0.105611
1,4,4,1,0,0.717247
1,4,4,1,1,0.965139
1,4,4,1,2,0.270847
1,4,4,1,3,0.675461
1,4,4,1,4,0.692937
1,4,4,2,0,-0.646067
1,4,4,2,1,0.280265
1,4,4,2,2,-2.952361
1,4,4,2,3,-0.738931
1,4,4,2,4,0.289541
1,4,4,3,0,0.921485
1,4,4,3,1,0.817577
1,4,4,3,2,0.153184
1,4,4,3,3,0.237625
1,4,4,3,4,0.531732
1,4,4,4,0,0.656164
1,4,4,4,1,0.325291
1,4,4,4,2,0.869703
1,4,4,4,3,0.675162
1,4,4,4,4,0.990017
2,0,0,0,0,26.883907
2,0,0,0,1,24.471572
2,0,0,0,2,73.153210
2,0,0,0,3,4.766373
2,0,0,0,4,0.816786
2,0,0,1,0,9.596756
2,0,0,1,1,14.328508
2,0,0,1,2,30.590697
2,0,0,1,3,10.155087
2,0,0,1,4,-0.687115
2,0,0,2,0,14.824054
2,0,0,2,1,3.432520
2,0,0,2,2,34.131914
2,0,0,2,3,4.016828
2,0,0,2,4,26.815609
2,0,0,3,0,0.153773
2,0,0,3,1,0.491038
2,0,0,3,2,0.723637
2,0,0,3,3,0.772617
2,0,0,3,4,0.775763
2,0,0,4,0,0.402959
2,0,0,4,1,0.170026
2,0,0,4,2,0.947455
2,0,0,4,3,0.176809
2,0,0,4,4,0.813996
2,0,1,0,0,26.223179
2,0,1,0,1,-1.793259
2,0,1,0,2,32.304567
2,0,1,0,3,-1.354037
2,0,1,0,4,-1.621373
2,0,1,1,0,-7.667420
2,0,1,1,1,-7.900633
2,0,1,1,2,41.143796
2,0,1,1,3,-7.785821
2,0,1,1,4,37.691427
2,0,1,2,0,-7.763113
2,0,1,2,1,-7.713420
2,0,1,2,2,-7.791123
2,0,1,2,3,-7.649049
2,0,1,2,4,7.725359
2,0,1,3,0,0.910607
2,0,1,3,1,0.734401
2,0,1,3,2,0.561974
2,0,1,3,3,0.549095
2,0,1,3,4,0.511432
2,0,1,4,0,0.472796
2,0,1,4,1,0.770253
2,0,1,4,2,0.847756
2,0,1,4,3,0.246847
2,0,1,4,4,0.865023
2,0,2,0,0,0.232671
2,0,2,0,1,0.816266
2,0,2,0,2,39.941118
2,0,2,0,3,1.914059
2,0,2,0,4,0.426862
2,0,2,1,0,-8.330280
2,0,2,1,1,-7.335702
2,0,2,1,2,-2.326926
2,0,2,1,3,-7.189682
2,0,2,1,4,26.427561
2,0,2,2,0,12.705061
2,0,2,2,1,-8.939278
2,0,2,2,2,28.186027
2,0,2,2,3,-8.721870
2,0,2,2,4,-8.623775
2,0,2,3,0,0.247498
2,0,2,3,1,0.563095
2,0,2,3,2,0.424834
2,0,2,3,3,0.294772
2,0,2,3,4,0.302554
2,0,2,4,0,0.601322
2,0,2,4,1,0.493782
2,0,2,4,2,0.838572
2,0,2,4,3,0.337176
2,0,2,4,4,0.190554
2,0,3,0,0,0.238879
2,0,3,0,1,0.610176
2,0,3,0,2,0.448731
2,0,3,0,3,0.926951
2,0,3,0,4,0.620128
2,0,3,1,0,-4.159597
2,0,3,1,1,21.908736
2,0,3,1,2,20.703107
2,0,3,1,3,-3.512043
2,0,3,1,4,-6.206982
2,0,3,2,0,-6.966759
2,0,3,2,1,29.956925
2,0,3,2,2,25.961232
2,0,3,2,3,-6.850487
2,0,3,2,4,-6.878534
2,0,3,3,0,0.162767
2,0,3,3,1,0.064723
2,0,3,3,2,0.059768
2,0,3,3,3,0.940316
2,0,3,3,4,0.247700
2,0,3,4,0,0.508875
2,0,3,4,1,0.728696
2,0,3,4,2,0.634925
2,0,3,4,3,0.722435
2,0,3,4,4,0.599608
2,0,4,0,0,0.236514
2,0,4,0,1,0.150827
2,0,4,0,2,0.309311
2,0,4,0,3,0.341609
2,0,4,0,4,0.201166
2,0,4,1,0,0.711943
2,0,4,1,1,0.806700
2,0,4,1,2,0.409260
2,0,4,1,3,0.868729
2,0,4,1,4,0.652661
2,0,4,2,0,0.146559
2,0,4,2,1,0.206747
2,0,4,2,2,19.403002
2,0,4,2,3,-0.551618
2,0,4,2,4,0.112627
2,0,4,3,0,0.548389
2,0,4,3,1,0.625461
2,0,4,3,2,0.416526
2,0,4,3,3,0.086242
2,0,4,3,4,0.944568
2,0,4,4,0,0.249621
2,0,4,4,1,0.911561
2,0,4,4,2,0.234596
2,0,4,4,3,0.003048
2,0,4,4,4,0.548533
2,1,0,0,0,13.974542
2,1,0,0,1,14.868971
2,1,0,0,2,26.801614
2,1,0,0,3,3.899850
2,1,0,0,4,0.881024
2,1,0,1,0,10.056955
2,1,0,1,1,-0.428445
2,1,0,1,2,4.251519
2,1,0,1,3,5.788166
2,1,0,1,4,4.175942
2,1,0,2,0,3.964440
2,1,0,2,1,0.464355
2,1,0,2,2,8.949782
2,1,0,2,3,1.110738
2,1,0,2,4,6.545710
2,1,0,3,0,0.474003
2,1,0,3,1,0.549969
2,1,0,3,2,0.766162
2,1,0,3,3,0.780093
2,1,0,3,4,0.902283
2,1,0,4,0,0.056112
2,1,0,4,1,0.215484
2,1,0,4,2,0.256050
2,1,0,4,3,0.533476
2,1,0,4,4,0.281774
2,1,1,0,0,-0.974638
2,1,1,0,1,0.028136
2,1,1,0,2,27.917884
2,1,1,0,3,-0.561286
2,1,1,0,4,-0.018945
2,1,1,1,0,-8.321061
2,1,1,1,1,-8.160344
2,1,1,1,2,16.507445
2,1,1,1,3,-8.359422
2,1,1,1,4,0.084303
2,1,1,2,0,-8.440609
2,1,1,2,1,-8.430080
2,1,1,2,2,-7.972880
2,1,1,2,3,-8.393850
2,1,1,2,4,-8.612931
2,1,1,3,0,0.200614
2,1,1,3,1,0.030286
2,1,1,3,2,0.563700
2,1,1,3,3,0.459312
2,1,1,3,4,0.614491
2,1,1,4,0,0.088314
2,1,1,4,1,0.406339
2,1,1,4,2,0.957763
2,1,1,4,3,0.637810
2,1,1,4,4,0.796859
2,1,2,0,0,27.123061
2,1,2,0,1,-3.239347
2,1,2,0,2,9.123731
2,1,2,0,3,-2.608438
2,1,2,0,4,-2.471949
2,1,2,1,0,1.342838
2,1,2,1,1,-8.541849
2,1,2,1,2,-4.179364
2,1,2,1,3,-8.408361
2,1,2,1,4,-8.392807
2,1,2,2,0,-9.375003
2,1,2,2,1,-9.407792
2,1,2,2,2,7.329063
2,1,2,2,3,-9.389596
2,1,2,2,4,-8.487527
2,1,2,3,0,0.541737
2,1,2,3,1,0.530593
2,1,2,3,2,0.269912
2,1,2,3,3,0.297610
2,1,2,3,4,0.352293
2,1,2,4,0,0.122020
2,1,2,4,1,0.745689
2,1,2,4,2,0.872834
2,1,2,4,3,0.662304
2,1,2,4,4,0.346210
2,1,3,0,0,0.514328
2,1,3,0,1,0.803004
2,1,3,0,2,0.792858
2,1,3,0,3,0.060937
2,1,3,0,4,0.330415
2,1,3,1,0,-6.273275
2,1,3,1,1,5.954349
2,1,3,1,2,6.964351
2,1,3,1,3,-3.002982
2,1,3,1,4,-3.512281
2,1,3,2,0,-8.376208
2,1,3,2,1,-8.417137
2,1,3,2,2,30.895659
2,1,3,2,3,-8.448156
2,1,3,2,4,-7.651417
2,1,3,3,0,0.552960
2,1,3,3,1,0.090681
2,1,3,3,2,0.119450
2,1,3,3,3,0.524210
2,1,3,3,4,0.014504
2,1,3,4,0,0.573527
2,1,3,4,1,0.439405
2,1,3,4,2,0.298086
2,1,3,4,3,0.098397
2,1,3,4,4,0.816922
2,1,4,0,0,0.607030
2,1,4,0,1,0.987468
2,1,4,0,2,0.444722
2,1,4,0,3,0.742292
2,1,4,0,4,0.370300
2,1,4,1,0,0.131424
2,1,4,1,1,0.827443
2,1,4,1,2,0.777981
2,1,4,1,3,0.868177
2,1,4,1,4,0.799453
2,1,4,2,0,-3.559617
2,1,4,2,1,-3.134032
2,1,4,2,2,11.387008
2,1,4,2,3,-3.603104
2,1,4,2,4,8.066916
2,1,4,3,0,0.016595
2,1,4,3,1,0.458035
2,1,4,3,2,0.642089
2,1,4,3,3,0.885321
2,1,4,3,4,0.628227
2,1,4,4,0,0.351051
2,1,4,4,1,0.496011
2,1,4,4,2,0.412936
2,1,4,4,3,0.105278
2,1,4,4,4,0.882650
2,2,0,0,0,0.186306
2,2,0,0,1,0.592711
2,2,0,0,2,34.151818
2,2,0,0,3,0.335524
2,2,0,0,4,11.156293
2,2,0,1,0,8.242767
2,2,0,1,1,9.289704
2,2,0,1,2,22.734380
2,2,0,1,3,-0.736519
2,2,0,1,4,1.837842
2,2,0,2,0,-1.241577
2,2,0,2,1,6.348977
2,2,0,2,2,23.039747
2,2,0,2,3,-1.554637
2,2,0,2,4,-0.431940
2,2,0,3,0,0.582294
2,2,0,3,1,0.342641
2,2,0,3,2,0.127292
2,2,0,3,3,0.729963
2,2,0,3,4,0.747546
2,2,0,4,0,0.839424
2,2,0,4,1,0.226655
2,2,0,4,2,0.375112
2,2,0,4,3,0.608397
2,2,0,4,4,0.908530
2,2,1,0,0,-2.771886
2,2,1,0,1,8.805626
2,2,1,0,2,26.326840
2,2,1,0,3,-2.782449
2,2,1,0,4,-2.297004
2,2,1,1,0,-9.450585
2,2,1,1,1,-9.468696
2,2,1,1,2,-1.745243
2,2,1,1,3,-9.483975
2,2,1,1,4,-9.768413
2,2,1,2,0,-8.958498
2,2,1,2,1,39.011797
2,2,1,2,2,-1.978982
2,2,1,2,3,-8.928218
2,2,1,2,4,-6.639242
2,2,1,3,0,0.774221
2,2,1,3,1,0.760525
2,2,1,3,2,0.267715
2,2,1,3,3,0.236618
2,2,1,3,4,0.355515
2,2,1,4,0,0.421638
2,2,1,4,1,0.562672
2,2,1,4,2,0.874292
2,2,1,4,3,0.130665
2,2,1,4,4,0.752530
2,2,2,0,0,-1.327053
2,2,2,0,1,3.357060
2,2,2,0,2,12.908020
2,2,2,0,3,-6.567311
2,2,2,0,4,22.963437
2,2,2,1,0,-3.296758
2,2,2,1,1,-9.048763
2,2,2,1,2,10.222688
2,2,2,1,3,-9.002772
2,2,2,1,4,-9.102515
2,2,2,2,0,-6.207858
2,2,2,2,1,-9.853298
2,2,2,2,2,12.755808
2,2,2,2,3,-6.702031
2,2,2,2,4,-9.049159
2,2,2,3,0,0.833714
2,2,2,3,1,0.647129
2,2,2,3,2,0.430055
2,2,2,3,3,0.235563
2,2,2,3,4,0.266398
2,2,2,4,0,0.290048
2,2,2,4,1,0.135082
2,2,2,4,2,0.165130
2,2,2,4,3,0.259611
2,2,2,4,4,0.431021
2,2,3,0,0,0.195591
2,2,3,0,1,0.971249
2,2,3,0,2,0.152592
2,2,3,0,3,0.219766
2,2,3,0,4,0.096359
2,2,3,1,0,-8.204937
2,2,3,1,1,-3.822989
2,2,3,1,2,20.232867
2,2,3,1,3,19.272457
2,2,3,1,4,-4.837102
2,2,3,2,0,-6.304868
2,2,3,2,1,-7.464432
2,2,3,2,2,36.201815
2,2,3,2,3,-7.284336
2,2,3,2,4,-7.446949
2,2,3,3,0,0.199858
2,2,3,3,1,0.342178
2,2,3,3,2,0.759824
2,2,3,3,3,0.251655
2,2,3,3,4,0.198926
2,2,3,4,0,0.655919
2,2,3,4,1,0.401633
2,2,3,4,2,0.620313
2,2,3,4,3,0.082210
2,2,3,4,4,0.575513
2,2,4,0,0,0.022499
2,2,4,0,1,0.225407
2,2,4,0,2,0.176517
2,2,4,0,3,0.626246
2,2,4,0,4,0.011501
2,2,4,1,0,0.968206
2,2,4,1,1,0.158858
2,2,4,1,2,0.380755
2,2,4,1,3,0.319437
2,2,4,1,4,0.070207
2,2,4,2,0,-0.321749
2,2,4,2,1,0.540536
2,2,4,2,2,8.528981
2,2,4,2,3,0.696220
2,2,4,2,4,2.986886
2,2,4,3,0,0.568644
2,2,4,3,1,0.813795
2,2,4,3,2,0.926165
2,2,4,3,3,0.446993
2,2,4,3,4,0.443455
2,2,4,4,0,0.673132
2,2,4,4,1,0.630285
2,2,4,4,2,0.841175
2,2,4,4,3,0.705882
2,2,4,4,4,0.165268
2,3,0,0,0,6.887341
2,3,0,0,1,9.966795
2,3,0,0,2,-3.843195
2,3,0,0,3,5.212492
2,3,0,0,4,12.023011
2,3,0,1,0,-5.777016
2,3,0,1,1,-4.440525
2,3,0,1,2,13.149663
2,3,0,1,3,-0.334320
2,3,0,1,4,-4.303549
2,3,0,2,0,-2.849812
2,3,0,2,1,17.633316
2,3,0,2,2,-3.657972
2,3,0,2,3,-2.796794
2,3,0,2,4,-6.359475
2,3,0,3,0,0.632563
2,3,0,3,1,0.588088
2,3,0,3,2,0.191225
2,3,0,3,3,0.205322
2,3,0,3,4,0.258085
2,3,0,4,0,0.443814
2,3,0,4,1,0.339495
2,3,0,4,2,0.628272
2,3,0,4,3,0.777138
2,3,0,4,4,0.944069
2,3,1,0,0,-4.780339
2,3,1,0,1,-2.288426
2,3,1,0,2,18.667520
2,3,1,0,3,-5.761400
2,3,1,0,4,-4.811048
2,3,1,1,0,5.442972
2,3,1,1,1,-9.511055
2,3,1,1,2,23.238177
2,3,1,1,3,-9.819360
2,3,1,1,4,-9.819361
2,3,1,2,0,-9.386103
2,3,1,2,1,-5.447860
2,3,1,2,2,20.498264
2,3,1,2,3,-9.399140
2,3,1,2,4,-9.051695
2,3,1,3,0,0.937346
2,3,1,3,1,0.132272
2,3,1,3,2,0.130949
2,3,1,3,3,0.780720
2,3,1,3,4,0.776819
2,3,1,4,0,0.797473
2,3,1,4,1,0.919607
2,3,1,4,2,0.295398
2,3,1,4,3,0.963440
2,3,1,4,4,0.402412
2,3,2,0,0,-4.539210
2,3,2,0,1,-7.078862
2,3,2,0,2,2.675924
2,3,2,0,3,-4.184222
2,3,2,0,4,-1.531117
2,3,2,1,0,-9.080729
2,3,2,1,1,-9.683425
2,3,2,1,2,-1.079794
2,3,2,1,3,-9.665926
2,3,2,1,4,-9.676390
2,3,2,2,0,-9.535419
2,3,2,2,1,-9.401679
2,3,2,2,2,6.704846
2,3,2,2,3,-9.495005
2,3,2,2,4,-9.427157
2,3,2,3,0,0.444156
2,3,2,3,1,0.536715
2,3,2,3,2,0.521021
2,3,2,3,3,0.037635
2,3,2,3,4,0.568666
2,3,2,4,0,0.879640
2,3,2,4,1,0.830839
2,3,2,4,2,0.123131
2,3,2,4,3,0.948057
2,3,2,4,4,0.251431
2,3,3,0,0,0.894589
2,3,3,0,1,0.638467
2,3,3,0,2,0.638664
2,3,3,0,3,0.514081
2,3,3,0,4,0.806914
2,3,3,1,0,-6.969350
2,3,3,1,1,-6.939252
2,3,3,1,2,0.139438
2,3,3,1,3,-5.757657
2,3,3,1,4,-5.655872
2,3,3,2,0,-8.800629
2,3,3,2,1,-8.807086
2,3,3,2,2,9.302839
2,3,3,2,3,-9.179587
2,3,3,2,4,-8.833006
2,3,3,3,0,0.668376
2,3,3,3,1,0.896175
2,3,3,3,2,0.366064
2,3,3,3,3,0.208413
2,3,3,3,4,0.143284
2,3,3,4,0,0.048699
2,3,3,4,1,0.390548
2,3,3,4,2,0.925427
2,3,3,4,3,0.318492
2,3,3,4,4,0.181368
2,3,4,0,0,0.453213
2,3,4,0,1,0.463742
2,3,4,0,2,0.013464
2,3,4,0,3,0.183276
2,3,4,0,4,0.519835
2,3,4,1,0,0.569712
2,3,4,1,1,0.037849
2,3,4,1,2,0.957293
2,3,4,1,3,0.922336
2,3,4,1,4,0.297792
2,3,4,2,0,11.233924
2,3,4,2,1,-2.077539
2,3,4,2,2,16.789756
2,3,4,2,3,-1.869866
2,3,4,2,4,1.751130
2,3,4,3,0,0.125174
2,3,4,3,1,0.811155
2,3,4,3,2,0.265558
2,3,4,3,3,0.635790
2,3,4,3,4,0.703481
2,3,4,4,0,0.715220
2,3,4,4,1,0.051748
2,3,4,4,2,0.690480
2,3,4,4,3,0.839340
2,3,4,4,4,0.284702
2,4,0,0,0,6.748752
2,4,0,0,1,-0.322575
2,4,0,0,2,16.016269
2,4,0,0,3,-0.506155
2,4,0,0,4,-0.131236
2,4,0,1,0,-3.258609
2,4,0,1,1,-2.420389
2,4,0,1,2,-2.615161
2,4,0,1,3,-2.152662
2,4,0,1,4,3.094395
2,4,0,2,0,-3.091598
2,4,0,2,1,-5.167792
2,4,0,2,2,9.059663
2,4,0,2,3,-7.036772
2,4,0,2,4,-5.366797
2,4,0,3,0,0.128194
2,4,0,3,1,0.246604
2,4,0,3,2,0.038722
2,4,0,3,3,0.464356
2,4,0,3,4,0.730908
2,4,0,4,0,0.364716
2,4,0,4,1,0.696100
2,4,0,4,2,0.812885
2,4,0,4,3,0.461531
2,4,0,4,4,0.559795
2,4,1,0,0,-5.912384
2,4,1,0,1,-5.934090
2,4,1,0,2,9.429195
2,4,1,0,3,-5.975510
2,4,1,0,4,0.895023
2,4,1,1,0,-8.400540
2,4,1,1,1,-9.746367
2,4,1,1,2,1.480961
2,4,1,1,3,-9.756930
2,4,1,1,4,-9.472345
2,4,1,2,0,-9.665083
2,4,1,2,1,-9.659586
2,4,1,2,2,-1.716406
2,4,1,2,3,-9.692754
2,4,1,2,4,-9.638709
2,4,1,3,0,0.451512
2,4,1,3,1,0.184700
2,4,1,3,2,0.917875
2,4,1,3,3,0.981210
2,4,1,3,4,0.457315
2,4,1,4,0,0.091674
2,4,1,4,1,0.991895
2,4,1,4,2,0.198895
2,4,1,4,3,0.787784
2,4,1,4,4,0.515057
2,4,2,0,0,-4.798074
2,4,2,0,1,-5.642615
2,4,2,0,2,8.450867
2,4,2,0,3,-5.471088
2,4,2,0,4,-5.744513
2,4,2,1,0,-6.149953
2,4,2,1,1,-9.805136
2,4,2,1,2,-7.739232
2,4,2,1,3,-9.784227
2,4,2,1,4,-9.790276
2,4,2,2,0,-1.777199
2,4,2,2,1,-9.801025
2,4,2,2,2,2.898470
2,4,2,2,3,-9.787458
2,4,2,2,4,-9.794568
2,4,2,3,0,0.048894
2,4,2,3,1,0.884703
2,4,2,3,2,0.024130
2,4,2,3,3,0.160440
2,4,2,3,4,0.263906
2,4,2,4,0,0.571572
2,4,2,4,1,0.458863
2,4,2,4,2,0.788736
2,4,2,4,3,0.580769
2,4,2,4,4,0.313292
2,4,3,0,0,0.061532
2,4,3,0,1,0.616277
2,4,3,0,2,0.928214
2,4,3,0,3,0.887755
2,4,3,0,4,0.240110
2,4,3,1,0,-5.717232
2,4,3,1,1,-3.099001
2,4,3,1,2,-2.661777
2,4,3,1,3,-5.460112
2,4,3,1,4,-5.488316
2,4,3,2,0,-9.073857
2,4,3,2,1,-8.993321
2,4,3,2,2,5.314341
2,4,3,2,3,-9.049399
2,4,3,2,4,-6.537514
2,4,3,3,0,0.437106
2,4,3,3,1,0.021086
2,4,3,3,2,0.247560
2,4,3,3,3,0.152427
2,4,3,3,4,0.646175
2,4,3,4,0,0.281421
2,4,3,4,1,0.611937
2,4,3,4,2,0.323414
2,4,3,4,3,0.083237
2,4,3,4,4,0.600973
2,4,4,0,0,0.773565
2,4,4,0,1,0.616936
2,4,4,0,2,0.391345
2,4,4,0,3,0.452428
2,4,4,0,4,0.753271
2,4,4,1,0,0.426876
2,4,4,1,1,0.965608
2,4,4,1,2,0.511024
2,4,4,1,3,0.697214
2,4,4,1,4,0.227156
2,4,4,2,0,-0.439277
2,4,4,2,1,28.542701
2,4,4,2,2,30.284850
2,4,4,2,3,-1.339657
2,4,4,2,4,-1.221505
2,4,4,3,0,0.665822
2,4,4,3,1,0.985631
2,4,4,3,2,0.435102
2,4,4,3,3,0.048430
2,4,4,3,4,0.816750
2,4,4,4,0,0.813257
2,4,4,4,1,0.891146
2,4,4,4,2,0.942406
2,4,4,4,3,0.231811
2,4,4,4,4,0.156689
3,0,0,0,0,0.534742
3,0,0,0,1,0.603400
3,0,0,0,2,39.993861
3,0,0,0,3,28.885355
3,0,0,0,4,0.108958
3,0,0,1,0,34.656190
3,0,0,1,1,5.764884
3,0,0,1,2,45.237816
3,0,0,1,3,4.708836
3,0,0,1,4,45.819795
3,0,0,2,0,9.870482
3,0,0,2,1,4.254823
3,0,0,2,2,79.993426
3,0,0,2,3,3.415432
3,0,0,2,4,35.555500
3,0,0,3,0,0.606482
3,0,0,3,1,0.769062
3,0,0,3,2,0.696330
3,0,0,3,3,0.539196
3,0,0,3,4,0.703483
3,0,0,4,0,0.876926
3,0,0,4,1,0.932288
3,0,0,4,2,0.312816
3,0,0,4,3,0.446519
3,0,0,4,4,0.563784
3,0,1,0,0,7.993419
3,0,1,0,1,8.750301
3,0,1,0,2,29.582323
3,0,1,0,3,12.557154
3,0,1,0,4,0.508653
3,0,1,1,0,-8.249377
3,0,1,1,1,-8.275043
3,0,1,1,2,15.514830
3,0,1,1,3,-8.288887
3,0,1,1,4,36.122704
3,0,1,2,0,3.850855
3,0,1,2,1,-8.212348
3,0,1,2,2,41.889286
3,0,1,2,3,-8.234255
3,0,1,2,4,41.700357
3,0,1,3,0,0.130427
3,0,1,3,1,0.959030
3,0,1,3,2,0.373426
3,0,1,3,3,0.530791
3,0,1,3,4,0.614631
3,0,1,4,0,0.986008
3,0,1,4,1,0.511289
3,0,1,4,2,0.406447
3,0,1,4,3,0.100276
3,0,1,4,4,0.001657
3,0,2,0,0,0.800023
3,0,2,0,1,0.004816
3,0,2,0,2,39.177039
3,0,2,0,3,-0.223796
3,0,2,0,4,4.430257
3,0,2,1,0,-4.049529
3,0,2,1,1,-7.947793
3,0,2,1,2,18.150645
3,0,2,1,3,-7.787376
3,0,2,1,4,-7.657458
3,0,2,2,0,39.174925
3,0,2,2,1,-6.859909
3,0,2,2,2,-5.827869
3,0,2,2,3,-7.972983
3,0,2,2,4,-6.905968
3,0,2,3,0,0.803577
3,0,2,3,1,0.713206
3,0,2,3,2,0.546587
3,0,2,3,3,0.634412
3,0,2,3,4,0.451121
3,0,2,4,0,0.043375
3,0,2,4,1,0.317943
3,0,2,4,2,0.814867
3,0,2,4,3,0.299053
3,0,2,4,4,0.968994
3,0,3,0,0,0.116657
3,0,3,0,1,0.369900
3,0,3,0,2,0.841500
3,0,3,0,3,0.691755
3,0,3,0,4,0.355521
3,0,3,1,0,-0.833962
3,0,3,1,1,-7.030412
3,0,3,1,2,31.331939
3,0,3,1,3,-1.440460
3,0,3,1,4,9.317794
3,0,3,2,0,-3.433305
3,0,3,2,1,39.999268
3,0,3,2,2,11.149697
3,0,3,2,3,-2.238734
3,0,3,2,4,-3.108076
3,0,3,3,0,0.563303
3,0,3,3,1,0.153921
3,0,3,3,2,0.195262
3,0,3,3,3,0.375649
3,0,3,3,4,0.961317
3,0,3,4,0,0.500648
3,0,3,4,1,0.695311
3,0,3,4,2,0.642950
3,0,3,4,3,0.047346
3,0,3,4,4,0.079307
3,0,4,0,0,0.441376
3,0,4,0,1,0.087628
3,0,4,0,2,0.351177
3,0,4,0,3,0.622696
3,0,4,0,4,0.038557
3,0,4,1,0,0.701100
3,0,4,1,1,0.925348
3,0,4,1,2,0.143173
3,0,4,1,3,0.498151
3,0,4,1,4,0.977534
3,0,4,2,0,-2.485330
3,0,4,2,1,-2.251062
3,0,4,2,2,15.775961
3,0,4,2,3,-2.563655
3,0,4,2,4,-2.222653
3,0,4,3,0,0.587706
3,0,4,3,1,0.062754
3,0,4,3,2,0.194080
3,0,4,3,3,0.343108
3,0,4,3,4,0.741217
3,0,4,4,0,0.914390
3,0,4,4,1,0.316479
3,0,4,4,2,0.011726
3,0,4,4,3,0.491550
3,0,4,4,4,0.088527
3,1,0,0,0,16.101751
3,1,0,0,1,15.909422
3,1,0,0,2,39.095531
3,1,0,0,3,15.491127
3,1,0,0,4,0.257098
3,1,0,1,0,7.113826
3,1,0,1,1,7.014158
3,1,0,1,2,39.133026
3,1,0,1,3,6.222384
3,1,0,1,4,6.012348
3,1,0,2,0,1.435085
3,1,0,2,1,1.073783
3,1,0,2,2,10.397829
3,1,0,2,3,1.837461
3,1,0,2,4,12.663728
3,1,0,3,0,0.949934
3,1,0,3,1,0.700050
3,1,0,3,2,0.490016
3,1,0,3,3,0.705132
3,1,0,3,4,0.316060
3,1,0,4,0,0.627625
3,1,0,4,1,0.171514
3,1,0,4,2,0.519967
3,1,0,4,3,0.099645
3,1,0,4,4,0.028493
3,1,1,0,0,-0.811478
3,1,1,0,1,-0.055663
3,1,1,0,2,-4.028785
3,1,1,0,3,-0.663604
3,1,1,0,4,19.191003
3,1,1,1,0,-0.876455
3,1,1,1,1,-7.801706
3,1,1,1,2,15.955197
3,1,1,1,3,-7.765568
3,1,1,1,4,-7.915575
3,1,1,2,0,-8.150520
3,1,1,2,1,-8.087223
3,1,1,2,2,6.709482
3,1,1,2,3,-8.271019
3,1,1,2,4,8.536845
3,1,1,3,0,0.442424
3,1,1,3,1,0.487460
3,1,1,3,2,0.655709
3,1,1,3,3,0.562794
3,1,1,3,4,0.574936
3,1,1,4,0,0.274457
3,1,1,4,1,0.428093
3,1,1,4,2,0.234424
3,1,1,4,3,0.058825
3,1,1,4,4,0.781045
3,1,2,0,0,-0.608979
3,1,2,0,1,-0.583216
3,1,2,0,2,6.846646
3,1,2,0,3,-1.412656
3,1,2,0,4,-0.579343
3,1,2,1,0,-7.616699
3,1,2,1,1,-8.424768
3,1,2,1,2,8.010667
3,1,2,1,3,-8.550785
3,1,2,1,4,-8.419174
3,1,2,2,0,-3.835467
3,1,2,2,1,-8.797759
3,1,2,2,2,20.779297
3,1,2,2,3,-8.771210
3,1,2,2,4,-6.398478
3,1,2,3,0,0.734686
3,1,2,3,1,0.054509
3,1,2,3,2,0.237086
3,1,2,3,3,0.356546
3,1,2,3,4,0.067451
3,1,2,4,0,0.051430
3,1,2,4,1,0.143184
3,1,2,4,2,0.634203
3,1,2,4,3,0.854371
3,1,2,4,4,0.484255
3,1,3,0,0,0.816305
3,1,3,0,1,0.885450
3,1,3,0,2,0.557793
3,1,3,0,3,0.268977
3,1,3,0,4,0.842279
3,1,3,1,0,-0.175658
3,1,3,1,1,1.136434
3,1,3,1,2,5.869231
3,1,3,1,3,-0.197902
3,1,3,1,4,-0.904060
3,1,3,2,0,-3.448211
3,1,3,2,1,-5.656139
3,1,3,2,2,11.063818
3,1,3,2,3,-5.559610
3,1,3,2,4,2.373023
3,1,3,3,0,0.867382
3,1,3,3,1,0.440087
3,1,3,3,2,0.734250
3,1,3,3,3,0.542924
3,1,3,3,4,0.417546
3,1,3,4,0,0.925800
3,1,3,4,1,0.263513
3,1,3,4,2,0.348039
3,1,3,4,3,0.765928
3,1,3,4,4,0.827728
3,1,4,0,0,0.206364
3,1,4,0,1,0.099584
3,1,4,0,2,0.874128
3,1,4,0,3,0.002268
3,1,4,0,4,0.146414
3,1,4,1,0,0.946321
3,1,4,1,1,0.728155
3,1,4,1,2,0.048200
3,1,4,1,3,0.921767
3,1,4,1,4,0.547526
3,1,4,2,0,-0.173346
3,1,4,2,1,-0.414623
3,1,4,2,2,20.448782
3,1,4,2,3,0.198131
3,1,4,2,4,0.642904
3,1,4,3,0,0.680338
3,1,4,3,1,0.514333
3,1,4,3,2,0.351304
3,1,4,3,3,0.960474
3,1,4,3,4,0.498320
3,1,4,4,0,0.887653
3,1,4,4,1,0.426192
3,1,4,4,2,0.189413
3,1,4,4,3,0.423968
3,1,4,4,4,0.890968
3,2,0,0,0,14.527451
3,2,0,0,1,14.222704
3,2,0,0,2,16.850340
3,2,0,0,3,14.159225
3,2,0,0,4,9.641435
3,2,0,1,0,12.086356
3,2,0,1,1,22.265502
3,2,0,1,2,19.038968
3,2,0,1,3,1.857233
3,2,0,1,4,1.100426
3,2,0,2,0,11.188782
3,2,0,2,1,-1.637478
3,2,0,2,2,15.238327
3,2,0,2,3,9.862041
3,2,0,2,4,-4.934657
3,2,0,3,0,0.656878
3,2,0,3,1,0.110022
3,2,0,3,2,0.028621
3,2,0,3,3,0.185213
3,2,0,3,4,0.245773
3,2,0,4,0,0.683542
3,2,0,4,1,0.944422
3,2,0,4,2,0.021303
3,2,0,4,3,0.989535
3,2,0,4,4,0.833331
3,2,1,0,0,-0.664249
3,2,1,0,1,35.542823
3,2,1,0,2,34.761589
3,2,1,0,3,-0.579497
3,2,1,0,4,-3.527089
3,2,1,1,0,-3.712519
3,2,1,1,1,-8.869732
3,2,1,1,2,39.294288
3,2,1,1,3,-8.888403
3,2,1,1,4,-8.868869
3,2,1,2,0,-3.739356
3,2,1,2,1,-0.051404
3,2,1,2,2,21.204026
3,2,1,2,3,-8.704269
3,2,1,2,4,-8.699163
3,2,1,3,0,0.589540
3,2,1,3,1,0.635423
3,2,1,3,2,0.205250
3,2,1,3,3,0.727409
3,2,1,3,4,0.091983
3,2,1,4,0,0.251012
3,2,1,4,1,0.494683
3,2,1,4,2,0.247922
3,2,1,4,3,0.863085
3,2,1,4,4,0.446632
3,2,2,0,0,3.400233
3,2,2,0,1,-2.746118
3,2,2,0,2,28.080594
3,2,2,0,3,-2.649684
3,2,2,0,4,-2.599659
3,2,2,1,0,-6.142514
3,2,2,1,1,-8.726436
3,2,2,1,2,14.014547
3,2,2,1,3,-8.698782
3,2,2,1,4,-8.698784
3,2,2,2,0,20.890105
3,2,2,2,1,-6.969222
3,2,2,2,2,17.208780
3,2,2,2,3,-6.876777
3,2,2,2,4,-7.570157
3,2,2,3,0,0.651952
3,2,2,3,1,0.968957
3,2,2,3,2,0.097244
3,2,2,3,3,0.478512
3,2,2,3,4,0.025424
3,2,2,4,0,0.649345
3,2,2,4,1,0.978899
3,2,2,4,2,0.024473
3,2,2,4,3,0.760777
3,2,2,4,4,0.946272
3,2,3,0,0,0.320006
3,2,3,0,1,0.796216
3,2,3,0,2,0.352942
3,2,3,0,3,0.622471
3,2,3,0,4,0.404349
3,2,3,1,0,0.936442
3,2,3,1,1,-3.722639
3,2,3,1,2,4.876075
3,2,3,1,3,-4.156499
3,2,3,1,4,-8.347834
3,2,3,2,0,-7.623693
3,2,3,2,1,-7.417074
3,2,3,2,2,18.536282
3,2,3,2,3,-4.810897
3,2,3,2,4,-7.381058
3,2,3,3,0,0.355629
3,2,3,3,1,0.729199
3,2,3,3,2,0.389932
3,2,3,3,3,0.314057
3,2,3,3,4,0.752072
3,2,3,4,0,0.851024
3,2,3,4,1,0.335430
3,2,3,4,2,0.945908
3,2,3,4,3,0.591034
3,2,3,4,4,0.384398
3,2,4,0,0,0.241722
3,2,4,0,1,0.200039
3,2,4,0,2,0.995420
3,2,4,0,3,0.235383
3,2,4,0,4,0.179545
3,2,4,1,0,0.854730
3,2,4,1,1,0.457476
3,2,4,1,2,0.204490
3,2,4,1,3,0.528481
3,2,4,1,4,0.721253
3,2,4,2,0,11.716053
3,2,4,2,1,0.006082
3,2,4,2,2,27.634081
3,2,4,2,3,-0.650891
3,2,4,2,4,-0.920425
3,2,4,3,0,0.236591
3,2,4,3,1,0.449807
3,2,4,3,2,0.569784
3,2,4,3,3,0.915041
3,2,4,3,4,0.856780
3,2,4,4,0,0.164041
3,2,4,4,1,0.499186
3,2,4,4,2,0.711904
3,2,4,4,3,0.394863
3,2,4,4,4,0.482076
3,3,0,0,0,14.737996
3,3,0,0,1,16.017213
3,3,0,0,2,12.430338
3,3,0,0,3,9.518581
3,3,0,0,4,0.030414
3,3,0,1,0,5.768422
3,3,0,1,1,3.494633
3,3,0,1,2,8.567649
3,3,0,1,3,-1.977453
3,3,0,1,4,2.483785
3,3,0,2,0,0.565674
3,3,0,2,1,-5.831939
3,3,0,2,2,14.967976
3,3,0,2,3,-6.670631
3,3,0,2,4,-2.923181
3,3,0,3,0,0.563128
3,3,0,3,1,0.094832
3,3,0,3,2,0.375247
3,3,0,3,3,0.971686
3,3,0,3,4,0.767046
3,3,0,4,0,0.019057
3,3,0,4,1,0.481839
3,3,0,4,2,0.802421
3,3,0,4,3,0.747962
3,3,0,4,4,0.481360
3,3,1,0,0,-4.578336
3,3,1,0,1,16.662075
3,3,1,0,2,31.477949
3,3,1,0,3,-4.674749
3,3,1,0,4,-4.246308
3,3,1,1,0,-6.359679
3,3,1,1,1,-9.348464
3,3,1,1,2,26.546269
3,3,1,1,3,-9.411369
3,3,1,1,4,-9.390350
3,3,1,2,0,-5.853915
3,3,1,2,1,-9.206523
3,3,1,2,2,13.522088
3,3,1,2,3,-8.754610
3,3,1,2,4,-9.193601
3,3,1,3,0,0.224448
3,3,1,3,1,0.962463
3,3,1,3,2,0.266112
3,3,1,3,3,0.267849
3,3,1,3,4,0.615079
3,3,1,4,0,0.783539
3,3,1,4,1,0.869262
3,3,1,4,2,0.130903
3,3,1,4,3,0.003100
3,3,1,4,4,0.732245
3,3,2,0,0,9.956189
3,3,2,0,1,-3.464068
3,3,2,0,2,2.434101
3,3,2,0,3,-3.412648
3,3,2,0,4,-3.881309
3,3,2,1,0,-8.899859
3,3,2,1,1,-8.894474
3,3,2,1,2,22.771663
3,3,2,1,3,-8.867774
3,3,2,1,4,1.136755
3,3,2,2,0,-8.019052
3,3,2,2,1,-8.089941
3,3,2,2,2,37.720304
3,3,2,2,3,27.239940
3,3,2,2,4,-5.934848
3,3,2,3,0,0.298703
3,3,2,3,1,0.481502
3,3,2,3,2,0.304520
3,3,2,3,3,0.822210
3,3,2,3,4,0.783272
3,3,2,4,0,0.912057
3,3,2,4,1,0.009424
3,3,2,4,2,0.199307
3,3,2,4,3,0.570741
3,3,2,4,4,0.410178
3,3,3,0,0,0.461181
3,3,3,0,1,0.635256
3,3,3,0,2,0.111032
3,3,3,0,3,0.004937
3,3,3,0,4,0.794921
3,3,3,1,0,-6.038437
3,3,3,1,1,26.397366
3,3,3,1,2,3.861702
3,3,3,1,3,-6.443728
3,3,3,1,4,-7.798911
3,3,3,2,0,-4.015981
3,3,3,2,1,-4.170348
3,3,3,2,2,-4.035394
3,3,3,2,3,-7.248429
3,3,3,2,4,10.733294
3,3,3,3,0,0.332745
3,3,3,3,1,0.828244
3,3,3,3,2,0.468767
3,3,3,3,3,0.046753
3,3,3,3,4,0.117110
3,3,3,4,0,0.424503
3,3,3,4,1,0.584381
3,3,3,4,2,0.811757
3,3,3,4,3,0.668945
3,3,3,4,4,0.501993
3,3,4,0,0,0.266221
3,3,4,0,1,0.218947
3,3,4,0,2,0.319855
3,3,4,0,3,0.477253
3,3,4,0,4,0.773098
3,3,4,1,0,0.559167
3,3,4,1,1,0.208071
3,3,4,1,2,0.334304
3,3,4,1,3,0.474171
3,3,4,1,4,0.204676
3,3,4,2,0,0.067101
3,3,4,2,1,23.347808
3,3,4,2,2,10.485671
3,3,4,2,3,-0.267667
3,3,4,2,4,-0.929451
3,3,4,3,0,0.782688
3,3,4,3,1,0.197283
3,3,4,3,2,0.615045
3,3,4,3,3,0.814061
3,3,4,3,4,0.509759
3,3,4,4,0,0.411119
3,3,4,4,1,0.869102
3,3,4,4,2,0.496303
3,3,4,4,3,0.628758
3,3,4,4,4,0.614053
3,4,0,0,0,5.430431
3,4,0,0,1,4.089825
3,4,0,0,2,6.345132
3,4,0,0,3,-0.314797
3,4,0,0,4,0.176086
3,4,0,1,0,-3.466292
3,4,0,1,1,-5.084977
3,4,0,1,2,-7.708203
3,4,0,1,3,-2.181863
3,4,0,1,4,-3.625199
3,4,0,2,0,-2.572427
3,4,0,2,1,7.585104
3,4,0,2,2,7.584968
3,4,0,2,3,1.227621
3,4,0,2,4,9.538853
3,4,0,3,0,0.587470
3,4,0,3,1,0.708447
3,4,0,3,2,0.344877
3,4,0,3,3,0.331865
3,4,0,3,4,0.366530
3,4,0,4,0,0.917651
3,4,0,4,1,0.813629
3,4,0,4,2,0.306610
3,4,0,4,3,0.156873
3,4,0,4,4,0.207031
3,4,1,0,0,-5.380492
3,4,1,0,1,-7.131798
3,4,1,0,2,-0.483184
3,4,1,0,3,-6.851895
3,4,1,0,4,-6.823118
3,4,1,1,0,-5.675450
3,4,1,1,1,-9.837978
3,4,1,1,2,18.279843
3,4,1,1,3,-9.842718
3,4,1,1,4,-9.833501
3,4,1,2,0,-9.789537
3,4,1,2,1,-9.783066
3,4,1,2,2,30.360187
3,4,1,2,3,-9.227545
3,4,1,2,4,-9.522041
3,4,1,3,0,0.976347
3,4,1,3,1,0.914821
3,4,1,3,2,0.746648
3,4,1,3,3,0.070923
3,4,1,3,4,0.981416
3,4,1,4,0,0.844317
3,4,1,4,1,0.971617
3,4,1,4,2,0.745625
3,4,1,4,3,0.270016
3,4,1,4,4,0.978405
3,4,2,0,0,-8.877674
3,4,2,0,1,-7.711304
3,4,2,0,2,11.643888
3,4,2,0,3,-6.978151
3,4,2,0,4,-7.870458
3,4,2,1,0,-9.880877
3,4,2,1,1,-9.878447
3,4,2,1,2,-8.804274
3,4,2,1,3,-9.888809
3,4,2,1,4,-8.671511
3,4,2,2,0,6.894721
3,4,2,2,1,-9.424515
3,4,2,2,2,9.226919
3,4,2,2,3,-9.821350
3,4,2,2,4,-9.032983
3,4,2,3,0,0.062151
3,4,2,3,1,0.126338
3,4,2,3,2,0.204513
3,4,2,3,3,0.315635
3,4,2,3,4,0.364812
3,4,2,4,0,0.033265
3,4,2,4,1,0.240041
3,4,2,4,2,0.294055
3,4,2,4,3,0.587135
3,4,2,4,4,0.149370
3,4,3,0,0,0.062631
3,4,3,0,1,0.454583
3,4,3,0,2,0.719025
3,4,3,0,3,0.310147
3,4,3,0,4,0.980219
3,4,3,1,0,-9.036600
3,4,3,1,1,-9.056665
3,4,3,1,2,-7.745643
3,4,3,1,3,35.533014
3,4,3,1,4,-8.948367
3,4,3,2,0,-9.227159
3,4,3,2,1,-5.733753
3,4,3,2,2,28.046415
3,4,3,2,3,-9.486080
3,4,3,2,4,-9.390618
3,4,3,3,0,0.063443
3,4,3,3,1,0.335730
3,4,3,3,2,0.875826
3,4,3,3,3,0.744277
3,4,3,3,4,0.589902
3,4,3,4,0,0.160782
3,4,3,4,1,0.440221
3,4,3,4,2,0.146660
3,4,3,4,3,0.559047
3,4,3,4,4,0.022431
3,4,4,0,0,0.589722
3,4,4,0,1,0.789064
3,4,4,0,2,0.846952
3,4,4,0,3,0.937927
3,4,4,0,4,0.721315
3,4,4,1,0,0.949289
3,4,4,1,1,0.663931
3,4,4,1,2,0.268699
3,4,4,1,3,0.794786
3,4,4,1,4,0.181598
3,4,4,2,0,-2.569243
3,4,4,2,1,13.773200
3,4,4,2,2,-1.970472
3,4,4,2,3,-2.934228
3,4,4,2,4,-2.926956
3,4,4,3,0,0.775486
3,4,4,3,1,0.916788
3,4,4,3,2,0.284616
3,4,4,3,3,0.587600
3,4,4,3,4,0.056972
3,4,4,4,0,0.317604
3,4,4,4,1,0.281805
3,4,4,4,2,0.404401
3,4,4,4,3,0.567447
3,4,4,4,4,0.128031
4,0,0,0,0,0.820271
4,0,0,0,1,0.081711
4,0,0,0,2,17.099447
4,0,0,0,3,0.389511
4,0,0,0,4,0.017952
4,0,0,1,0,34.156358
4,0,0,1,1,15.000600
4,0,0,1,2,30.475219
4,0,0,1,3,34.956733
4,0,0,1,4,15.415988
4,0,0,2,0,21.819314
4,0,0,2,1,7.553536
4,0,0,2,2,39.973535
4,0,0,2,3,-1.710041
4,0,0,2,4,-3.714237
4,0,0,3,0,0.014520
4,0,0,3,1,0.622569
4,0,0,3,2,0.402907
4,0,0,3,3,0.538346
4,0,0,3,4,0.651069
4,0,0,4,0,0.505345
4,0,0,4,1,0.459443
4,0,0,4,2,0.938167
4,0,0,4,3,0.770887
4,0,0,4,4,0.360297
4,0,1,0,0,0.007051
4,0,1,0,1,0.208908
4,0,1,0,2,39.936027
4,0,1,0,3,8.944304
4,0,1,0,4,7.050260
4,0,1,1,0,-6.311025
4,0,1,1,1,-6.274432
4,0,1,1,2,28.896688
4,0,1,1,3,14.592415
4,0,1,1,4,-5.967956
4,0,1,2,0,32.236509
4,0,1,2,1,-7.369992
4,0,1,2,2,39.912603
4,0,1,2,3,-7.183107
4,0,1,2,4,-7.417508
4,0,1,3,0,0.205598
4,0,1,3,1,0.079956
4,0,1,3,2,0.171221
4,0,1,3,3,0.057480
4,0,1,3,4,0.837535
4,0,1,4,0,0.027829
4,0,1,4,1,0.724291
4,0,1,4,2,0.465791
4,0,1,4,3,0.231608
4,0,1,4,4,0.081415
4,0,2,0,0,0.247208
4,0,2,0,1,36.842094
4,0,2,0,2,24.337038
4,0,2,0,3,-0.677614
4,0,2,0,4,0.134708
4,0,2,1,0,24.943401
4,0,2,1,1,-4.810554
4,0,2,1,2,21.449061
4,0,2,1,3,-4.456372
4,0,2,1,4,-4.859339
4,0,2,2,0,-6.702967
4,0,2,2,1,-6.751644
4,0,2,2,2,32.271970
4,0,2,2,3,-7.006845
4,0,2,2,4,-2.840162
4,0,2,3,0,0.702399
4,0,2,3,1,0.687525
4,0,2,3,2,0.098334
4,0,2,3,3,0.106855
4,0,2,3,4,0.430857
4,0,2,4,0,0.369260
4,0,2,4,1,0.971076
4,0,2,4,2,0.457316
4,0,2,4,3,0.586047
4,0,2,4,4,0.145308
4,0,3,0,0,0.732174
4,0,3,0,1,0.381518
4,0,3,0,2,0.244710
4,0,3,0,3,0.665349
4,0,3,0,4,0.419219
4,0,3,1,0,0.303184
4,0,3,1,1,38.268591
4,0,3,1,2,38.402151
4,0,3,1,3,0.276422
4,0,3,1,4,0.409570
4,0,3,2,0,-2.055331
4,0,3,2,1,10.949988
4,0,3,2,2,22.575109
4,0,3,2,3,-1.602926
4,0,3,2,4,-2.227951
4,0,3,3,0,0.206089
4,0,3,3,1,0.026816
4,0,3,3,2,0.818692
4,0,3,3,3,0.034581
4,0,3,3,4,0.439003
4,0,3,4,0,0.070074
4,0,3,4,1,0.038158
4,0,3,4,2,0.257427
4,0,3,4,3,0.542725
4,0,3,4,4,0.528313
4,0,4,0,0,0.244066
4,0,4,0,1,0.662080
4,0,4,0,2,0.223265
4,0,4,0,3,0.909088
4,0,4,0,4,0.829037
4,0,4,1,0,0.417807
4,0,4,1,1,0.552694
4,0,4,1,2,0.893703
4,0,4,1,3,0.449952
4,0,4,1,4,0.185470
4,0,4,2,0,0.283910
4,0,4,2,1,26.816866
4,0,4,2,2,34.964499
4,0,4,2,3,0.584833
4,0,4,2,4,0.415430
4,0,4,3,0,0.897199
4,0,4,3,1,0.728666
4,0,4,3,2,0.171522
4,0,4,3,3,0.979127
4,0,4,3,4,0.477744
4,0,4,4,0,0.092315
4,0,4,4,1,0.925623
4,0,4,4,2,0.337315
4,0,4,4,3,0.221885
4,0,4,4,4,0.362121
4,1,0,0,0,0.059561
4,1,0,0,1,0.370334
4,1,0,0,2,30.918330
4,1,0,0,3,0.920153
4,1,0,0,4,0.289826
4,1,0,1,0,5.412522
4,1,0,1,1,1.237739
4,1,0,1,2,19.458166
4,1,0,1,3,4.454953
4,1,0,1,4,4.568009
4,1,0,2,0,5.081919
4,1,0,2,1,5.244801
4,1,0,2,2,22.260262
4,1,0,2,3,5.703417
4,1,0,2,4,4.184417
4,1,0,3,0,0.507328
4,1,0,3,1,0.562441
4,1,0,3,2,0.534759
4,1,0,3,3,0.732696
4,1,0,3,4,0.119820
4,1,0,4,0,0.139036
4,1,0,4,1,0.626596
4,1,0,4,2,0.982511
4,1,0,4,3,0.013748
4,1,0,4,4,0.214157
4,1,1,0,0,5.661707
4,1,1,0,1,9.265934
4,1,1,0,2,38.993109
4,1,1,0,3,6.469984
4,1,1,0,4,5.735114
4,1,1,1,0,-8.372500
4,1,1,1,1,-8.328658
4,1,1,1,2,39.464260
4,1,1,1,3,-8.320547
4,1,1,1,4,0.821333
4,1,1,2,0,-5.636207
4,1,1,2,1,-5.660934
4,1,1,2,2,19.644755
4,1,1,2,3,-5.865488
4,1,1,2,4,-6.033436
4,1,1,3,0,0.093636
4,1,1,3,1,0.657276
4,1,1,3,2,0.617608
4,1,1,3,3,0.403243
4,1,1,3,4,0.005999
4,1,1,4,0,0.575402
4,1,1,4,1,0.975334
4,1,1,4,2,0.894300
4,1,1,4,3,0.063633
4,1,1,4,4,0.563358
4,1,2,0,0,11.644501
4,1,2,0,1,12.011608
4,1,2,0,2,9.575111
4,1,2,0,3,0.434702
4,1,2,0,4,1.810078
4,1,2,1,0,-7.858066
4,1,2,1,1,-8.047516
4,1,2,1,2,21.780579
4,1,2,1,3,-0.275990
4,1,2,1,4,-8.046931
4,1,2,2,0,34.189348
4,1,2,2,1,-1.246830
4,1,2,2,2,-2.090580
4,1,2,2,3,-8.941704
4,1,2,2,4,-1.298750
4,1,2,3,0,0.972123
4,1,2,3,1,0.900988
4,1,2,3,2,0.806393
4,1,2,3,3,0.733710
4,1,2,3,4,0.659093
4,1,2,4,0,0.502536
4,1,2,4,1,0.248215
4,1,2,4,2,0.955259
4,1,2,4,3,0.759348
4,1,2,4,4,0.383800
4,1,3,0,0,0.295372
4,1,3,0,1,0.348992
4,1,3,0,2,0.560098
4,1,3,0,3,0.962283
4,1,3,0,4,0.602100
4,1,3,1,0,0.486144
4,1,3,1,1,0.620886
4,1,3,1,2,11.935601
4,1,3,1,3,10.165039
4,1,3,1,4,0.253462
4,1,3,2,0,-2.871129
4,1,3,2,1,-2.712945
4,1,3,2,2,8.036467
4,1,3,2,3,-2.835608
4,1,3,2,4,-2.337053
4,1,3,3,0,0.443256
4,1,3,3,1,0.482751
4,1,3,3,2,0.594950
4,1,3,3,3,0.981521
4,1,3,3,4,0.401747
4,1,3,4,0,0.631251
4,1,3,4,1,0.996161
4,1,3,4,2,0.436199
4,1,3,4,3,0.916743
4,1,3,4,4,0.740185
4,1,4,0,0,0.076992
4,1,4,0,1,0.660304
4,1,4,0,2,0.124596
4,1,4,0,3,0.570898
4,1,4,0,4,0.314032
4,1,4,1,0,0.032914
4,1,4,1,1,0.445517
4,1,4,1,2,0.423117
4,1,4,1,3,0.505225
4,1,4,1,4,0.734417
4,1,4,2,0,-3.017323
4,1,4,2,1,-2.341999
4,1,4,2,2,-1.994368
4,1,4,2,3,-2.492950
4,1,4,2,4,-2.542495
4,1,4,3,0,0.255347
4,1,4,3,1,0.303072
4,1,4,3,2,0.616996
4,1,4,3,3,0.369317
4,1,4,3,4,0.439869
4,1,4,4,0,0.860783
4,1,4,4,1,0.355413
4,1,4,4,2,0.614031
4,1,4,4,3,0.990627
4,1,4,4,4,0.313132
4,2,0,0,0,0.174046
4,2,0,0,1,0.063028
4,2,0,0,2,26.663248
4,2,0,0,3,13.805981
4,2,0,0,4,18.995855
4,2,0,1,0,-0.080427
4,2,0,1,1,3.930923
4,2,0,1,2,4.586561
4,2,0,1,3,1.021192
4,2,0,1,4,37.523618
4,2,0,2,0,5.354497
4,2,0,2,1,1.488164
4,2,0,2,2,27.667466
4,2,0,2,3,5.690077
4,2,0,2,4,5.596266
4,2,0,3,0,0.025726
4,2,0,3,1,0.175450
4,2,0,3,2,0.126434
4,2,0,3,3,0.594486
4,2,0,3,4,0.660890
4,2,0,4,0,0.596265
4,2,0,4,1,0.018636
4,2,0,4,2,0.668565
4,2,0,4,3,0.799884
4,2,0,4,4,0.894388
4,2,1,0,0,0.428888
4,2,1,0,1,5.777346
4,2,1,0,2,27.952953
4,2,1,0,3,0.076389
4,2,1,0,4,7.342752
4,2,1,1,0,-8.134826
4,2,1,1,1,-4.534683
4,2,1,1,2,32.394229
4,2,1,1,3,-8.355239
4,2,1,1,4,-7.358341
4,2,1,2,0,28.008429
4,2,1,2,1,-6.159934
4,2,1,2,2,30.252342
4,2,1,2,3,-7.863631
4,2,1,2,4,-7.515608
4,2,1,3,0,0.040026
4,2,1,3,1,0.596028
4,2,1,3,2,0.013318
4,2,1,3,3,0.733619
4,2,1,3,4,0.690462
4,2,1,4,0,0.993296
4,2,1,4,1,0.915848
4,2,1,4,2,0.122625
4,2,1,4,3,0.808072
4,2,1,4,4,0.226157
4,2,2,0,0,22.042956
4,2,2,0,1,-2.469207
4,2,2,0,2,23.657865
4,2,2,0,3,-2.916822
4,2,2,0,4,-5.456366
4,2,2,1,0,26.404054
4,2,2,1,1,-7.985775
4,2,2,1,2,18.070866
4,2,2,1,3,-7.956947
4,2,2,1,4,-8.119898
4,2,2,2,0,26.309660
4,2,2,2,1,-7.565886
4,2,2,2,2,31.632193
4,2,2,2,3,-1.622019
4,2,2,2,4,-7.504076
4,2,2,3,0,0.508464
4,2,2,3,1,0.763526
4,2,2,3,2,0.453019
4,2,2,3,3,0.380393
4,2,2,3,4,0.457395
4,2,2,4,0,0.180312
4,2,2,4,1,0.415561
4,2,2,4,2,0.372899
4,2,2,4,3,0.509391
4,2,2,4,4,0.855564
4,2,3,0,0,0.970157
4,2,3,0,1,0.565291
4,2,3,0,2,0.275123
4,2,3,0,3,0.181934
4,2,3,0,4,0.701387
4,2,3,1,0,-0.904464
4,2,3,1,1,-0.060479
4,2,3,1,2,23.957750
4,2,3,1,3,-0.740138
4,2,3,1,4,20.659957
4,2,3,2,0,2.969007
4,2,3,2,1,6.600590
4,2,3,2,2,35.556078
4,2,3,2,3,-2.738717
4,2,3,2,4,-2.790914
4,2,3,3,0,0.026395
4,2,3,3,1,0.420554
4,2,3,3,2,0.325188
4,2,3,3,3,0.050661
4,2,3,3,4,0.974012
4,2,3,4,0,0.057944
4,2,3,4,1,0.932384
4,2,3,4,2,0.965973
4,2,3,4,3,0.439453
4,2,3,4,4,0.104236
4,2,4,0,0,0.207468
4,2,4,0,1,0.017700
4,2,4,0,2,0.830255
4,2,4,0,3,0.475430
4,2,4,0,4,0.028955
4,2,4,1,0,0.863931
4,2,4,1,1,0.024075
4,2,4,1,2,0.807246
4,2,4,1,3,0.548387
4,2,4,1,4,0.727207
4,2,4,2,0,0.222163
4,2,4,2,1,39.928081
4,2,4,2,2,3.242442
4,2,4,2,3,-0.421242
4,2,4,2,4,-0.215301
4,2,4,3,0,0.640057
4,2,4,3,1,0.328827
4,2,4,3,2,0.016657
4,2,4,3,3,0.365412
4,2,4,3,4,0.341047
4,2,4,4,0,0.216895
4,2,4,4,1,0.187021
4,2,4,4,2,0.780104
4,2,4,4,3,0.801147
4,2,4,4,4,0.415538
4,3,0,0,0,0.655728
4,3,0,0,1,0.640295
4,3,0,0,2,18.178971
4,3,0,0,3,0.860127
4,3,0,0,4,0.584961
4,3,0,1,0,6.437393
4,3,0,1,1,3.855799
4,3,0,1,2,30.743504
4,3,0,1,3,4.222104
4,3,0,1,4,6.801594
4,3,0,2,0,-0.473656
4,3,0,2,1,-0.410919
4,3,0,2,2,18.127113
4,3,0,2,3,5.201870
4,3,0,2,4,-0.177479
4,3,0,3,0,0.914480
4,3,0,3,1,0.849020
4,3,0,3,2,0.217228
4,3,0,3,3,0.336381
4,3,0,3,4,0.130499
4,3,0,4,0,0.263109
4,3,0,4,1,0.720405
4,3,0,4,2,0.062444
4,3,0,4,3,0.049750
4,3,0,4,4,0.528287
4,3,1,0,0,1.883616
4,3,1,0,1,1.577221
4,3,1,0,2,18.173510
4,3,1,0,3,1.025930
4,3,1,0,4,28.355231
4,3,1,1,0,7.201686
4,3,1,1,1,-8.676363
4,3,1,1,2,14.093669
4,3,1,1,3,-8.751045
4,3,1,1,4,-8.692280
4,3,1,2,0,-7.857600
4,3,1,2,1,-7.645811
4,3,1,2,2,29.073596
4,3,1,2,3,-7.619556
4,3,1,2,4,-7.768955
4,3,1,3,0,0.493429
4,3,1,3,1,0.431662
4,3,1,3,2,0.445606
4,3,1,3,3,0.272728
4,3,1,3,4,0.300050
4,3,1,4,0,0.056748
4,3,1,4,1,0.065505
4,3,1,4,2,0.384593
4,3,1,4,3,0.510547
4,3,1,4,4,0.777573
4,3,2,0,0,4.042643
4,3,2,0,1,0.916464
4,3,2,0,2,24.439550
4,3,2,0,3,6.587329
4,3,2,0,4,4.594422
4,3,2,1,0,7.362106
4,3,2,1,1,-8.444862
4,3,2,1,2,29.351040
4,3,2,1,3,-8.405985
4,3,2,1,4,-8.370929
4,3,2,2,0,-8.134164
4,3,2,2,1,-7.834338
4,3,2,2,2,34.353289
4,3,2,2,3,-7.971582
4,3,2,2,4,-7.932653
4,3,2,3,0,0.714746
4,3,2,3,1,0.362621
4,3,2,3,2,0.894497
4,3,2,3,3,0.925948
4,3,2,3,4,0.833730
4,3,2,4,0,0.548315
4,3,2,4,1,0.557473
4,3,2,4,2,0.745767
4,3,2,4,3,0.451764
4,3,2,4,4,0.966536
4,3,3,0,0,0.352924
4,3,3,0,1,0.525973
4,3,3,0,2,0.783585
4,3,3,0,3,0.208083
4,3,3,0,4,0.978581
4,3,3,1,0,9.707453
4,3,3,1,1,-1.264839
4,3,3,1,2,7.044192
4,3,3,1,3,-1.781668
4,3,3,1,4,-3.248160
4,3,3,2,0,-6.876899
4,3,3,2,1,1.813524
4,3,3,2,2,26.018120
4,3,3,2,3,-6.943532
4,3,3,2,4,-6.934492
4,3,3,3,0,0.428280
4,3,3,3,1,0.237376
4,3,3,3,2,0.457490
4,3,3,3,3,0.515382
4,3,3,3,4,0.135717
4,3,3,4,0,0.027708
4,3,3,4,1,0.866608
4,3,3,4,2,0.562928
4,3,3,4,3,0.836535
4,3,3,4,4,0.125812
4,3,4,0,0,0.626265
4,3,4,0,1,0.784690
4,3,4,0,2,0.164273
4,3,4,0,3,0.321438
4,3,4,0,4,0.764854
4,3,4,1,0,0.742368
4,3,4,1,1,0.060241
4,3,4,1,2,0.633839
4,3,4,1,3,0.202463
4,3,4,1,4,0.235870
4,3,4,2,0,-1.781166
4,3,4,2,1,-1.407281
4,3,4,2,2,35.223837
4,3,4,2,3,-1.599126
4,3,4,2,4,-1.795246
4,3,4,3,0,0.455442
4,3,4,3,1,0.643449
4,3,4,3,2,0.419646
4,3,4,3,3,0.212601
4,3,4,3,4,0.620055
4,3,4,4,0,0.998739
4,3,4,4,1,0.496004
4,3,4,4,2,0.274152
4,3,4,4,3,0.641818
4,3,4,4,4,0.479430
4,4,0,0,0,0.157359
4,4,0,0,1,-8.605951
4,4,0,0,2,23.169061
4,4,0,0,3,22.515257
4,4,0,0,4,0.825646
4,4,0,1,0,5.137457
4,4,0,1,1,-5.345476
4,4,0,1,2,9.432751
4,4,0,1,3,2.031771
4,4,0,1,4,3.867937
4,4,0,2,0,1.203193
4,4,0,2,1,-3.120324
4,4,0,2,2,19.121565
4,4,0,2,3,-2.706859
4,4,0,2,4,0.975088
4,4,0,3,0,0.153366
4,4,0,3,1,0.052806
4,4,0,3,2,0.199495
4,4,0,3,3,0.976995
4,4,0,3,4,0.089696
4,4,0,4,0,0.257472
4,4,0,4,1,0.980102
4,4,0,4,2,0.135032
4,4,0,4,3,0.188740
4,4,0,4,4,0.186606
4,4,1,0,0,-7.126310
4,4,1,0,1,-6.592036
4,4,1,0,2,21.882182
4,4,1,0,3,-7.033551
4,4,1,0,4,-0.006966
4,4,1,1,0,-9.549294
4,4,1,1,1,-9.561064
4,4,1,1,2,8.751481
4,4,1,1,3,-9.536336
4,4,1,1,4,-9.514700
4,4,1,2,0,-1.203226
4,4,1,2,1,-9.367605
4,4,1,2,2,1.655555
4,4,1,2,3,-9.405743
4,4,1,2,4,-7.272913
4,4,1,3,0,0.230614
4,4,1,3,1,0.336028
4,4,1,3,2,0.493980
4,4,1,3,3,0.355970
4,4,1,3,4,0.957890
4,4,1,4,0,0.118811
4,4,1,4,1,0.472892
4,4,1,4,2,0.326827
4,4,1,4,3,0.138187
4,4,1,4,4,0.824509
4,4,2,0,0,-6.947518
4,4,2,0,1,-7.107945
4,4,2,0,2,2.508524
4,4,2,0,3,-7.047936
4,4,2,0,4,-6.804638
4,4,2,1,0,23.136948
4,4,2,1,1,-9.483780
4,4,2,1,2,-0.026109
4,4,2,1,3,-9.525079
4,4,2,1,4,-9.521612
4,4,2,2,0,-0.634243
4,4,2,2,1,-8.275472
4,4,2,2,2,17.942754
4,4,2,2,3,-9.371396
4,4,2,2,4,-8.759222
4,4,2,3,0,0.327740
4,4,2,3,1,0.061882
4,4,2,3,2,0.891284
4,4,2,3,3,0.876037
4,4,2,3,4,0.259992
4,4,2,4,0,0.458779
4,4,2,4,1,0.344094
4,4,2,4,2,0.687007
4,4,2,4,3,0.789913
4,4,2,4,4,0.494600
4,4,3,0,0,0.406793
4,4,3,0,1,0.051574
4,4,3,0,2,7.916126
4,4,3,0,3,0.342874
4,4,3,0,4,0.530647
4,4,3,1,0,-8.709466
4,4,3,1,1,-7.524783
4,4,3,1,2,12.706063
4,4,3,1,3,-8.684767
4,4,3,1,4,-8.692327
4,4,3,2,0,3.340773
4,4,3,2,1,10.226486
4,4,3,2,2,-1.263685
4,4,3,2,3,-8.877990
4,4,3,2,4,-8.802757
4,4,3,3,0,0.190835
4,4,3,3,1,0.729033
4,4,3,3,2,0.866381
4,4,3,3,3,0.275364
4,4,3,3,4,0.580468
4,4,3,4,0,0.198880
4,4,3,4,1,0.799326
4,4,3,4,2,0.789002
4,4,3,4,3,0.814910
4,4,3,4,4,0.338119
4,4,4,0,0,0.564294
4,4,4,0,1,0.865797
4,4,4,0,2,0.536163
4,4,4,0,3,0.048182
4,4,4,0,4,0.381203
4,4,4,1,0,0.631152
4,4,4,1,1,0.035212
4,4,4,1,2,0.340150
4,4,4,1,3,0.364624
4,4,4,1,4,0.619587
4,4,4,2,0,25.934654
4,4,4,2,1,-4.022179
4,4,4,2,2,-4.038096
4,4,4,2,3,-4.724797
4,4,4,2,4,-4.642553
4,4,4,3,0,0.901863
4,4,4,3,1,0.121585
4,4,4,3,2,0.420972
4,4,4,3,3,0.403666
4,4,4,3,4,0.127329
4,4,4,4,0,0.134809
4,4,4,4,1,0.399003
4,4,4,4,2,0.953938
4,4,4,4,3,0.757373
4,4,4,4,4,0.599797
