Start writing log
gamma,   0.90
alpha,   0.10
epsilon, 0.20
0 - 100  rewards, -0.405000
100 - 200  rewards, -0.240000
200 - 300  rewards, -0.181000
300 - 400  rewards, -0.257000
400 - 500  rewards, -0.236000
500 - 600  rewards, -0.198000
600 - 700  rewards, -0.301000
700 - 800  rewards, -0.180000
800 - 900  rewards, -0.229000
900 - 1000  rewards, -0.251000
1000 - 1100  rewards, -0.248000
1100 - 1200  rewards, -0.276000
1200 - 1300  rewards, -0.229000
1300 - 1400  rewards, -0.218000
1400 - 1500  rewards, -0.250000
1500 - 1600  rewards, -0.327000
1600 - 1700  rewards, -0.276000
1700 - 1800  rewards, -0.242000
1800 - 1900  rewards, -0.255000
1900 - 2000  rewards, -0.296000
2000 - 2100  rewards, -0.287000
2100 - 2200  rewards, -0.228000
2200 - 2300  rewards, -0.254000
2300 - 2400  rewards, -0.242000
2400 - 2500  rewards, -0.320000
2500 - 2600  rewards, -0.241000
2600 - 2700  rewards, -0.370000
2700 - 2800  rewards, -0.249000
2800 - 2900  rewards, -0.274000
2900 - 3000  rewards, -0.208000
3000 - 3100  rewards, -0.231000
3100 - 3200  rewards, -0.223000
3200 - 3300  rewards, -0.320000
3300 - 3400  rewards, -0.317000
3400 - 3500  rewards, -0.254000
3500 - 3600  rewards, -0.214000
3600 - 3700  rewards, -0.232000
3700 - 3800  rewards, -0.308000
3800 - 3900  rewards, -0.218000
3900 - 4000  rewards, -0.268000
4000 - 4100  rewards, -0.294000
4100 - 4200  rewards, -0.316000
4200 - 4300  rewards, -0.275000
4300 - 4400  rewards, -0.224000
4400 - 4500  rewards, -0.320000
4500 - 4600  rewards, -0.330000
