Start writing log
gamma,   0.90
alpha,   0.10
epsilon, 0.10
0 - 100  rewards, -0.466000
100 - 200  rewards, -0.432000
200 - 300  rewards, -0.346000
300 - 400  rewards, -0.327000
400 - 500  rewards, -0.279000
500 - 600  rewards, -0.281000
600 - 700  rewards, -0.322000
700 - 800  rewards, -0.310000
800 - 900  rewards, -0.222000
900 - 1000  rewards, -0.242000
1000 - 1100  rewards, -0.313000
1100 - 1200  rewards, -0.297000
1200 - 1300  rewards, -0.251000
1300 - 1400  rewards, -0.286000
1400 - 1500  rewards, -0.302000
1500 - 1600  rewards, -0.308000
1600 - 1700  rewards, -0.258000
1700 - 1800  rewards, -0.267000
1800 - 1900  rewards, -0.245000
1900 - 2000  rewards, -0.242000
2000 - 2100  rewards, -0.258000
2100 - 2200  rewards, -0.355000
2200 - 2300  rewards, -0.297000
2300 - 2400  rewards, -0.263000
2400 - 2500  rewards, -0.209000
2500 - 2600  rewards, -0.324000
2600 - 2700  rewards, -0.242000
2700 - 2800  rewards, -0.275000
2800 - 2900  rewards, -0.259000
2900 - 3000  rewards, -0.304000
3000 - 3100  rewards, 0.613000
3100 - 3200  rewards, 0.925000
3200 - 3300  rewards, 0.955000
3300 - 3400  rewards, 0.955000
3400 - 3500  rewards, 0.968000
3500 - 3600  rewards, 0.936000
3600 - 3700  rewards, 0.931000
3700 - 3800  rewards, 0.929000
3800 - 3900  rewards, 0.941000
3900 - 4000  rewards, 0.901000
4000 - 4100  rewards, 0.937000
4100 - 4200  rewards, 0.925000
4200 - 4300  rewards, 0.929000
4300 - 4400  rewards, 0.974000
4400 - 4500  rewards, 0.941000
4500 - 4600  rewards, 0.960000
4600 - 4700  rewards, 0.948000
4700 - 4800  rewards, 0.870000
4800 - 4900  rewards, 0.951000
4900 - 5000  rewards, 0.978000
5000 - 5100  rewards, 0.931000
5100 - 5200  rewards, 0.940000
5200 - 5300  rewards, 0.944000
5300 - 5400  rewards, 0.941000
5400 - 5500  rewards, 0.922000
5500 - 5600  rewards, 0.909000
5600 - 5700  rewards, 0.952000
5700 - 5800  rewards, 0.925000
5800 - 5900  rewards, 0.904000
5900 - 6000  rewards, 0.915000
6000 - 6100  rewards, 0.910000
6100 - 6200  rewards, 0.940000
6200 - 6300  rewards, 0.954000
6300 - 6400  rewards, 0.971000
6400 - 6500  rewards, 0.953000
6500 - 6600  rewards, 0.888000
6600 - 6700  rewards, 0.837000
6700 - 6800  rewards, 0.965000
6800 - 6900  rewards, 0.926000
6900 - 7000  rewards, 0.946000
7000 - 7100  rewards, 0.938000
7100 - 7200  rewards, 0.940000
7200 - 7300  rewards, 0.936000
7300 - 7400  rewards, 0.948000
7400 - 7500  rewards, 0.928000
7500 - 7600  rewards, 0.950000
7600 - 7700  rewards, 0.937000
7700 - 7800  rewards, 0.938000
7800 - 7900  rewards, 0.827000
7900 - 8000  rewards, 0.917000
8000 - 8100  rewards, 0.868000
8100 - 8200  rewards, 0.921000
8200 - 8300  rewards, 0.892000
8300 - 8400  rewards, 0.894000
8400 - 8500  rewards, 0.932000
8500 - 8600  rewards, 0.929000
8600 - 8700  rewards, 0.884000
8700 - 8800  rewards, 0.944000
8800 - 8900  rewards, 0.885000
8900 - 9000  rewards, 0.919000
9000 - 9100  rewards, 0.911000
9100 - 9200  rewards, 0.921000
9200 - 9300  rewards, 0.912000
9300 - 9400  rewards, 0.820000
9400 - 9500  rewards, 0.891000
9500 - 9600  rewards, 0.843000
9600 - 9700  rewards, 0.961000
9700 - 9800  rewards, 0.904000
9800 - 9900  rewards, 0.838000
