Start writing log
gamma,   0.90
alpha,   0.10
epsilon, 0.20
0 - 100  win rate, 16
100 - 200  win rate, 12
200 - 300  win rate, 13
300 - 400  win rate, 17
400 - 500  win rate, 91
500 - 600  win rate, 95
600 - 700  win rate, 98
700 - 800  win rate, 97
800 - 900  win rate, 97
900 - 1000  win rate, 94
1000 - 1100  win rate, 92
1100 - 1200  win rate, 95
1200 - 1300  win rate, 96
1300 - 1400  win rate, 97
1400 - 1500  win rate, 98
1500 - 1600  win rate, 98
1600 - 1700  win rate, 96
1700 - 1800  win rate, 98
1800 - 1900  win rate, 97
1900 - 2000  win rate, 96
2000 - 2100  win rate, 100
2100 - 2200  win rate, 99
2200 - 2300  win rate, 95
2300 - 2400  win rate, 96
2400 - 2500  win rate, 94
2500 - 2600  win rate, 98
2600 - 2700  win rate, 95
2700 - 2800  win rate, 98
2800 - 2900  win rate, 100
2900 - 3000  win rate, 99
3000 - 3100  win rate, 96
3100 - 3200  win rate, 97
3200 - 3300  win rate, 98
3300 - 3400  win rate, 99
3400 - 3500  win rate, 98
3500 - 3600  win rate, 97
3600 - 3700  win rate, 94
3700 - 3800  win rate, 99
3800 - 3900  win rate, 93
3900 - 4000  win rate, 94
4000 - 4100  win rate, 97
4100 - 4200  win rate, 96
4200 - 4300  win rate, 94
4300 - 4400  win rate, 96
4400 - 4500  win rate, 98
4500 - 4600  win rate, 97
4600 - 4700  win rate, 97
4700 - 4800  win rate, 98
4800 - 4900  win rate, 96
4900 - 5000  win rate, 97
5000 - 5100  win rate, 93
5100 - 5200  win rate, 95
5200 - 5300  win rate, 95
5300 - 5400  win rate, 98
5400 - 5500  win rate, 98
5500 - 5600  win rate, 96
5600 - 5700  win rate, 99
5700 - 5800  win rate, 97
5800 - 5900  win rate, 95
5900 - 6000  win rate, 98
6000 - 6100  win rate, 96
6100 - 6200  win rate, 96
6200 - 6300  win rate, 98
6300 - 6400  win rate, 96
6400 - 6500  win rate, 99
6500 - 6600  win rate, 95
6600 - 6700  win rate, 96
6700 - 6800  win rate, 98
6800 - 6900  win rate, 98
6900 - 7000  win rate, 97
7000 - 7100  win rate, 98
7100 - 7200  win rate, 96
7200 - 7300  win rate, 97
7300 - 7400  win rate, 96
7400 - 7500  win rate, 97
7500 - 7600  win rate, 98
7600 - 7700  win rate, 98
7700 - 7800  win rate, 99
7800 - 7900  win rate, 97
7900 - 8000  win rate, 98
8000 - 8100  win rate, 93
8100 - 8200  win rate, 91
8200 - 8300  win rate, 89
8300 - 8400  win rate, 88
8400 - 8500  win rate, 87
8500 - 8600  win rate, 89
8600 - 8700  win rate, 91
8700 - 8800  win rate, 89
8800 - 8900  win rate, 92
8900 - 9000  win rate, 90
9000 - 9100  win rate, 89
9100 - 9200  win rate, 95
9200 - 9300  win rate, 92
9300 - 9400  win rate, 92
9400 - 9500  win rate, 89
9500 - 9600  win rate, 93
9600 - 9700  win rate, 91
9700 - 9800  win rate, 92
9800 - 9900  win rate, 89
