Start writing log
gamma,   0.20
alpha,   0.10
epsilon, 0.10
0 - 100  win rate, 0
100 - 200  win rate, 0
200 - 300  win rate, 0
300 - 400  win rate, 0
400 - 500  win rate, 0
500 - 600  win rate, 0
600 - 700  win rate, 0
700 - 800  win rate, 0
800 - 900  win rate, 0
900 - 1000  win rate, 0
1000 - 1100  win rate, 0
1100 - 1200  win rate, 0
1200 - 1300  win rate, 0
1300 - 1400  win rate, 0
1400 - 1500  win rate, 0
1500 - 1600  win rate, 0
1600 - 1700  win rate, 0
1700 - 1800  win rate, 0
1800 - 1900  win rate, 0
1900 - 2000  win rate, 0
2000 - 2100  win rate, 0
2100 - 2200  win rate, 0
2200 - 2300  win rate, 0
2300 - 2400  win rate, 0
2400 - 2500  win rate, 0
2500 - 2600  win rate, 0
2600 - 2700  win rate, 0
2700 - 2800  win rate, 0
2800 - 2900  win rate, 0
