Start writing log
gamma,   0.90
alpha,   0.10
epsilon, 0.10
0 - 100  win rate, 0
100 - 200  win rate, 0
200 - 300  win rate, 0
300 - 400  win rate, 0
400 - 500  win rate, 0
500 - 600  win rate, 0
600 - 700  win rate, 0
700 - 800  win rate, 0
800 - 900  win rate, 0
900 - 1000  win rate, 2
1000 - 1100  win rate, 8
1100 - 1200  win rate, 28
1200 - 1300  win rate, 47
1300 - 1400  win rate, 67
1400 - 1500  win rate, 72
1500 - 1600  win rate, 82
1600 - 1700  win rate, 82
1700 - 1800  win rate, 95
1800 - 1900  win rate, 92
1900 - 2000  win rate, 97
2000 - 2100  win rate, 96
2100 - 2200  win rate, 98
2200 - 2300  win rate, 96
2300 - 2400  win rate, 97
2400 - 2500  win rate, 96
2500 - 2600  win rate, 90
2600 - 2700  win rate, 97
2700 - 2800  win rate, 97
2800 - 2900  win rate, 94
2900 - 3000  win rate, 98
3000 - 3100  win rate, 96
3100 - 3200  win rate, 95
3200 - 3300  win rate, 94
3300 - 3400  win rate, 96
3400 - 3500  win rate, 92
3500 - 3600  win rate, 94
3600 - 3700  win rate, 95
3700 - 3800  win rate, 96
3800 - 3900  win rate, 91
3900 - 4000  win rate, 97
4000 - 4100  win rate, 96
4100 - 4200  win rate, 95
4200 - 4300  win rate, 99
4300 - 4400  win rate, 96
4400 - 4500  win rate, 92
4500 - 4600  win rate, 96
4600 - 4700  win rate, 96
4700 - 4800  win rate, 93
4800 - 4900  win rate, 95
4900 - 5000  win rate, 93
5000 - 5100  win rate, 95
5100 - 5200  win rate, 96
5200 - 5300  win rate, 99
5300 - 5400  win rate, 95
5400 - 5500  win rate, 92
5500 - 5600  win rate, 95
5600 - 5700  win rate, 95
5700 - 5800  win rate, 94
5800 - 5900  win rate, 100
5900 - 6000  win rate, 94
6000 - 6100  win rate, 97
6100 - 6200  win rate, 92
6200 - 6300  win rate, 95
6300 - 6400  win rate, 90
6400 - 6500  win rate, 95
6500 - 6600  win rate, 95
6600 - 6700  win rate, 95
6700 - 6800  win rate, 97
6800 - 6900  win rate, 94
6900 - 7000  win rate, 97
7000 - 7100  win rate, 95
7100 - 7200  win rate, 99
7200 - 7300  win rate, 96
7300 - 7400  win rate, 94
7400 - 7500  win rate, 96
7500 - 7600  win rate, 97
7600 - 7700  win rate, 94
7700 - 7800  win rate, 96
7800 - 7900  win rate, 91
7900 - 8000  win rate, 96
8000 - 8100  win rate, 87
8100 - 8200  win rate, 92
8200 - 8300  win rate, 90
8300 - 8400  win rate, 87
8400 - 8500  win rate, 85
8500 - 8600  win rate, 92
8600 - 8700  win rate, 91
8700 - 8800  win rate, 97
8800 - 8900  win rate, 90
8900 - 9000  win rate, 92
9000 - 9100  win rate, 88
9100 - 9200  win rate, 92
9200 - 9300  win rate, 91
9300 - 9400  win rate, 89
9400 - 9500  win rate, 89
9500 - 9600  win rate, 91
9600 - 9700  win rate, 92
9700 - 9800  win rate, 93
9800 - 9900  win rate, 93
