Start writing log
gamma,   0.20
alpha,   0.10
epsilon, 0.10
0 - 100  win rate, 6
100 - 200  win rate, 6
200 - 300  win rate, 6
300 - 400  win rate, 4
400 - 500  win rate, 7
500 - 600  win rate, 3
600 - 700  win rate, 4
700 - 800  win rate, 5
800 - 900  win rate, 5
900 - 1000  win rate, 13
1000 - 1100  win rate, 3
1100 - 1200  win rate, 5
1200 - 1300  win rate, 7
1300 - 1400  win rate, 7
1400 - 1500  win rate, 2
1500 - 1600  win rate, 3
1600 - 1700  win rate, 6
1700 - 1800  win rate, 2
1800 - 1900  win rate, 5
1900 - 2000  win rate, 5
2000 - 2100  win rate, 6
2100 - 2200  win rate, 6
2200 - 2300  win rate, 3
2300 - 2400  win rate, 8
2400 - 2500  win rate, 5
2500 - 2600  win rate, 4
2600 - 2700  win rate, 4
2700 - 2800  win rate, 2
2800 - 2900  win rate, 4
2900 - 3000  win rate, 10
3000 - 3100  win rate, 5
3100 - 3200  win rate, 7
3200 - 3300  win rate, 4
3300 - 3400  win rate, 3
3400 - 3500  win rate, 2
3500 - 3600  win rate, 3
3600 - 3700  win rate, 8
3700 - 3800  win rate, 7
3800 - 3900  win rate, 5
3900 - 4000  win rate, 7
4000 - 4100  win rate, 4
4100 - 4200  win rate, 5
4200 - 4300  win rate, 6
4300 - 4400  win rate, 6
4400 - 4500  win rate, 9
4500 - 4600  win rate, 3
4600 - 4700  win rate, 5
4700 - 4800  win rate, 8
4800 - 4900  win rate, 6
4900 - 5000  win rate, 9
5000 - 5100  win rate, 6
5100 - 5200  win rate, 6
5200 - 5300  win rate, 6
5300 - 5400  win rate, 5
5400 - 5500  win rate, 5
5500 - 5600  win rate, 7
5600 - 5700  win rate, 2
5700 - 5800  win rate, 10
5800 - 5900  win rate, 3
5900 - 6000  win rate, 6
6000 - 6100  win rate, 8
6100 - 6200  win rate, 3
6200 - 6300  win rate, 5
6300 - 6400  win rate, 4
6400 - 6500  win rate, 5
6500 - 6600  win rate, 8
6600 - 6700  win rate, 4
6700 - 6800  win rate, 7
6800 - 6900  win rate, 10
6900 - 7000  win rate, 2
7000 - 7100  win rate, 5
7100 - 7200  win rate, 8
7200 - 7300  win rate, 6
7300 - 7400  win rate, 8
7400 - 7500  win rate, 5
7500 - 7600  win rate, 6
7600 - 7700  win rate, 6
7700 - 7800  win rate, 9
7800 - 7900  win rate, 4
7900 - 8000  win rate, 6
8000 - 8100  win rate, 12
8100 - 8200  win rate, 6
8200 - 8300  win rate, 10
8300 - 8400  win rate, 11
8400 - 8500  win rate, 5
8500 - 8600  win rate, 7
