Start writing log
gamma,   0.90
alpha,   0.10
epsilon, 0.80
0 - 100  win rate, 29
100 - 200  win rate, 21
200 - 300  win rate, 18
300 - 400  win rate, 20
400 - 500  win rate, 31
500 - 600  win rate, 26
600 - 700  win rate, 25
700 - 800  win rate, 31
800 - 900  win rate, 26
900 - 1000  win rate, 39
1000 - 1100  win rate, 23
1100 - 1200  win rate, 25
1200 - 1300  win rate, 27
1300 - 1400  win rate, 32
1400 - 1500  win rate, 29
1500 - 1600  win rate, 31
1600 - 1700  win rate, 34
1700 - 1800  win rate, 28
1800 - 1900  win rate, 38
1900 - 2000  win rate, 30
2000 - 2100  win rate, 39
2100 - 2200  win rate, 32
2200 - 2300  win rate, 36
2300 - 2400  win rate, 32
2400 - 2500  win rate, 27
2500 - 2600  win rate, 27
2600 - 2700  win rate, 30
2700 - 2800  win rate, 23
2800 - 2900  win rate, 37
2900 - 3000  win rate, 31
3000 - 3100  win rate, 36
3100 - 3200  win rate, 31
3200 - 3300  win rate, 35
3300 - 3400  win rate, 27
3400 - 3500  win rate, 28
3500 - 3600  win rate, 30
3600 - 3700  win rate, 30
3700 - 3800  win rate, 31
3800 - 3900  win rate, 32
3900 - 4000  win rate, 33
4000 - 4100  win rate, 31
4100 - 4200  win rate, 33
4200 - 4300  win rate, 33
4300 - 4400  win rate, 35
4400 - 4500  win rate, 43
4500 - 4600  win rate, 41
4600 - 4700  win rate, 30
4700 - 4800  win rate, 25
4800 - 4900  win rate, 26
4900 - 5000  win rate, 28
5000 - 5100  win rate, 34
5100 - 5200  win rate, 32
5200 - 5300  win rate, 30
5300 - 5400  win rate, 31
5400 - 5500  win rate, 32
5500 - 5600  win rate, 26
5600 - 5700  win rate, 26
5700 - 5800  win rate, 24
5800 - 5900  win rate, 32
5900 - 6000  win rate, 48
6000 - 6100  win rate, 67
6100 - 6200  win rate, 58
6200 - 6300  win rate, 47
6300 - 6400  win rate, 32
6400 - 6500  win rate, 29
6500 - 6600  win rate, 39
6600 - 6700  win rate, 28
6700 - 6800  win rate, 26
6800 - 6900  win rate, 27
6900 - 7000  win rate, 25
7000 - 7100  win rate, 36
7100 - 7200  win rate, 43
7200 - 7300  win rate, 43
7300 - 7400  win rate, 33
7400 - 7500  win rate, 26
7500 - 7600  win rate, 47
7600 - 7700  win rate, 25
7700 - 7800  win rate, 22
7800 - 7900  win rate, 29
7900 - 8000  win rate, 38
8000 - 8100  win rate, 7
8100 - 8200  win rate, 3
8200 - 8300  win rate, 10
8300 - 8400  win rate, 12
8400 - 8500  win rate, 5
8500 - 8600  win rate, 15
8600 - 8700  win rate, 8
8700 - 8800  win rate, 5
8800 - 8900  win rate, 4
8900 - 9000  win rate, 3
9000 - 9100  win rate, 7
9100 - 9200  win rate, 6
9200 - 9300  win rate, 0
9300 - 9400  win rate, 2
9400 - 9500  win rate, 1
9500 - 9600  win rate, 2
9600 - 9700  win rate, 0
9700 - 9800  win rate, 1
9800 - 9900  win rate, 0
