Start writing log
gamma,   0.90
alpha,   0.10
epsilon, 0.50
0 - 100  win rate, 2
100 - 200  win rate, 4
200 - 300  win rate, 4
300 - 400  win rate, 4
400 - 500  win rate, 6
500 - 600  win rate, 8
600 - 700  win rate, 6
700 - 800  win rate, 6
800 - 900  win rate, 6
900 - 1000  win rate, 5
1000 - 1100  win rate, 6
1100 - 1200  win rate, 3
1200 - 1300  win rate, 7
1300 - 1400  win rate, 4
1400 - 1500  win rate, 6
1500 - 1600  win rate, 3
1600 - 1700  win rate, 1
1700 - 1800  win rate, 6
1800 - 1900  win rate, 1
1900 - 2000  win rate, 2
2000 - 2100  win rate, 2
2100 - 2200  win rate, 6
2200 - 2300  win rate, 3
2300 - 2400  win rate, 5
2400 - 2500  win rate, 3
2500 - 2600  win rate, 5
2600 - 2700  win rate, 4
2700 - 2800  win rate, 6
2800 - 2900  win rate, 5
2900 - 3000  win rate, 5
3000 - 3100  win rate, 7
3100 - 3200  win rate, 8
3200 - 3300  win rate, 18
3300 - 3400  win rate, 36
3400 - 3500  win rate, 36
3500 - 3600  win rate, 26
3600 - 3700  win rate, 31
3700 - 3800  win rate, 26
3800 - 3900  win rate, 19
3900 - 4000  win rate, 31
4000 - 4100  win rate, 28
4100 - 4200  win rate, 18
4200 - 4300  win rate, 22
4300 - 4400  win rate, 12
4400 - 4500  win rate, 27
4500 - 4600  win rate, 33
4600 - 4700  win rate, 30
4700 - 4800  win rate, 15
4800 - 4900  win rate, 5
4900 - 5000  win rate, 35
5000 - 5100  win rate, 33
5100 - 5200  win rate, 43
5200 - 5300  win rate, 30
5300 - 5400  win rate, 28
5400 - 5500  win rate, 33
5500 - 5600  win rate, 21
5600 - 5700  win rate, 27
5700 - 5800  win rate, 27
5800 - 5900  win rate, 26
5900 - 6000  win rate, 20
6000 - 6100  win rate, 31
6100 - 6200  win rate, 42
6200 - 6300  win rate, 25
6300 - 6400  win rate, 15
6400 - 6500  win rate, 34
6500 - 6600  win rate, 28
6600 - 6700  win rate, 17
6700 - 6800  win rate, 27
6800 - 6900  win rate, 16
6900 - 7000  win rate, 7
7000 - 7100  win rate, 23
7100 - 7200  win rate, 24
7200 - 7300  win rate, 24
7300 - 7400  win rate, 11
7400 - 7500  win rate, 6
7500 - 7600  win rate, 35
7600 - 7700  win rate, 10
7700 - 7800  win rate, 10
7800 - 7900  win rate, 33
7900 - 8000  win rate, 13
8000 - 8100  win rate, 8
8100 - 8200  win rate, 14
8200 - 8300  win rate, 5
8300 - 8400  win rate, 13
8400 - 8500  win rate, 2
8500 - 8600  win rate, 7
8600 - 8700  win rate, 19
8700 - 8800  win rate, 7
8800 - 8900  win rate, 9
8900 - 9000  win rate, 9
9000 - 9100  win rate, 10
9100 - 9200  win rate, 9
9200 - 9300  win rate, 6
9300 - 9400  win rate, 8
9400 - 9500  win rate, 8
9500 - 9600  win rate, 4
9600 - 9700  win rate, 5
9700 - 9800  win rate, 8
9800 - 9900  win rate, 10
