1 0.28
2 0.46
3 0.35
4 0.46
5 0.58
6 0.5
7 0.52
8 0.52
9 0.58
10 0.53
11 0.47
12 0.53
13 0.55
14 0.53
15 0.5
16 0.49
17 0.43
18 0.54
19 0.65
20 0.47
21 0.41
22 0.57
23 0.53
24 0.53
25 0.53
26 0.5
27 0.49
28 0.46
29 0.45
30 0.55
31 0.32
32 0.4
33 0.56
34 0.43
35 0.51
36 0.53
37 0.45
38 0.45
39 0.56
40 0.5
41 0.48
42 0.36
43 0.32
44 0.49
45 0.41
46 0.52
47 0.44
48 0.62
49 0.5
50 0.56
51 0.44
52 0.53
53 0.4
54 0.62
55 0.53
56 0.63
57 0.65
58 0.52
59 0.5
60 0.45
61 0.51
62 0.52
63 0.44
64 0.53
65 0.47
66 0.56
67 0.6
68 0.58
69 0.55
70 0.61
71 0.55
72 0.47
73 0.5
74 0.56
75 0.58
76 0.48
77 0.42
78 0.57
79 0.55
80 0.46
81 0.51
82 0.54
83 0.35
84 0.69
85 0.53
86 0.57
87 0.56
88 0.56
89 0.46
90 0.37
91 0.45
92 0.53
93 0.46
94 0.4
95 0.47
96 0.55
97 0.54
98 0.59
99 0.42
100 0.59
