1 0.27
2 0.43
3 0.32
4 0.44
5 0.65
6 0.61
7 0.56
8 0.58
9 0.61
10 0.5
11 0.53
12 0.41
13 0.44
14 0.53
15 0.48
16 0.51
17 0.61
18 0.53
19 0.53
20 0.51
21 0.54
22 0.61
23 0.53
24 0.53
25 0.51
26 0.48
27 0.45
28 0.53
29 0.51
30 0.55
31 0.55
32 0.52
33 0.4
34 0.55
35 0.62
36 0.58
37 0.47
38 0.61
39 0.47
40 0.53
41 0.57
42 0.51
43 0.53
44 0.6
45 0.5
46 0.52
47 0.46
48 0.49
49 0.57
50 0.46
51 0.6
52 0.64
53 0.56
54 0.64
55 0.42
56 0.42
57 0.54
58 0.55
59 0.45
60 0.45
61 0.53
62 0.52
63 0.56
64 0.61
65 0.47
66 0.47
67 0.61
68 0.67
69 0.56
70 0.55
71 0.67
72 0.5
73 0.47
74 0.47
75 0.55
76 0.6
77 0.55
78 0.61
79 0.57
80 0.51
81 0.49
82 0.67
83 0.5
84 0.59
85 0.47
86 0.5
87 0.59
88 0.66
89 0.72
90 0.52
91 0.54
92 0.59
93 0.51
94 0.6
95 0.57
96 0.59
97 0.5
98 0.58
99 0.51
100 0.53
101 0.57
102 0.58
103 0.58
104 0.54
105 0.54
106 0.53
107 0.55
108 0.49
