1 0.19
2 0.31
3 0.45
4 0.46
5 0.39
6 0.5
7 0.63
8 0.57
9 0.48
10 0.51
11 0.46
12 0.61
13 0.47
14 0.44
15 0.46
16 0.46
17 0.46
18 0.51
19 0.49
20 0.49
21 0.49
22 0.47
23 0.52
24 0.5
25 0.55
26 0.48
27 0.51
28 0.49
29 0.47
30 0.5
31 0.51
32 0.44
33 0.46
34 0.5
35 0.51
36 0.51
37 0.51
38 0.43
39 0.52
40 0.51
41 0.47
42 0.59
43 0.53
44 0.53
45 0.54
46 0.47
47 0.47
48 0.43
49 0.47
50 0.44
51 0.5
52 0.56
53 0.53
54 0.51
55 0.44
56 0.48
57 0.49
58 0.5
59 0.41
60 0.49
61 0.51
62 0.43
63 0.44
64 0.51
65 0.57
66 0.48
67 0.62
68 0.6
69 0.53
70 0.47
71 0.51
72 0.46
73 0.56
74 0.53
75 0.5
76 0.6
77 0.55
78 0.5
79 0.52
80 0.33
81 0.46
82 0.48
83 0.45
84 0.44
85 0.63
86 0.55
87 0.47
88 0.43
89 0.5
90 0.54
91 0.6
92 0.5
93 0.4
94 0.6
95 0.63
96 0.63
97 0.55
98 0.52
99 0.63
100 0.5
101 0.51
102 0.59
103 0.58
104 0.47
105 0.57
106 0.42
107 0.46
108 0.51
109 0.47
