1 0.3
2 0.45
3 0.62
4 0.63
5 0.62
6 0.58
7 0.48
8 0.53
9 0.56
10 0.57
11 0.49
12 0.57
13 0.51
14 0.64
15 0.62
16 0.65
17 0.51
18 0.49
19 0.54
20 0.39
21 0.46
22 0.39
23 0.41
24 0.41
25 0.64
26 0.64
27 0.52
28 0.53
29 0.54
30 0.51
31 0.62
32 0.62
33 0.58
34 0.5
35 0.46
36 0.6
37 0.37
38 0.55
39 0.51
40 0.55
41 0.53
42 0.55
43 0.67
44 0.55
45 0.46
46 0.66
47 0.63
48 0.64
49 0.57
50 0.6
51 0.63
52 0.56
53 0.61
54 0.54
55 0.57
56 0.52
57 0.63
58 0.65
59 0.57
60 0.51
61 0.55
62 0.56
63 0.43
64 0.45
65 0.49
66 0.45
67 0.56
68 0.55
69 0.44
70 0.44
71 0.46
72 0.56
73 0.57
74 0.63
75 0.51
76 0.58
77 0.43
78 0.5
79 0.62
80 0.54
81 0.6
82 0.48
83 0.56
84 0.53
85 0.55
86 0.5
87 0.51
88 0.51
89 0.52
90 0.46
91 0.53
92 0.54
93 0.43
94 0.47
95 0.42
96 0.55
97 0.41
98 0.54
99 0.47
100 0.54
101 0.54
102 0.52
103 0.42
104 0.52
105 0.59
106 0.55
107 0.54
108 0.56
109 0.51
110 0.59
