1 0.36
2 0.4
3 0.46
4 0.51
5 0.42
6 0.47
7 0.51
8 0.37
9 0.44
10 0.4
11 0.47
12 0.32
13 0.43
14 0.44
15 0.49
16 0.46
17 0.38
18 0.46
19 0.41
20 0.47
21 0.37
22 0.47
23 0.36
24 0.35
25 0.47
26 0.49
27 0.5
28 0.56
29 0.45
30 0.4
31 0.49
32 0.39
33 0.41
34 0.56
35 0.46
36 0.55
37 0.47
38 0.52
39 0.6
40 0.6
41 0.58
42 0.42
43 0.49
44 0.47
45 0.51
46 0.41
47 0.52
48 0.41
49 0.42
50 0.48
51 0.51
52 0.51
53 0.58
54 0.59
55 0.47
56 0.45
57 0.47
58 0.45
59 0.56
60 0.51
61 0.52
62 0.57
63 0.57
64 0.58
65 0.59
66 0.64
67 0.55
68 0.51
69 0.48
70 0.46
71 0.55
72 0.54
73 0.54
74 0.55
75 0.54
76 0.63
77 0.55
78 0.58
79 0.51
80 0.56
81 0.54
82 0.5
83 0.45
84 0.55
85 0.59
86 0.59
87 0.55
88 0.52
89 0.55
90 0.49
91 0.44
92 0.45
93 0.43
94 0.55
95 0.52
96 0.63
97 0.47
98 0.38
99 0.45
100 0.53
101 0.51
102 0.53
103 0.46
104 0.53
105 0.44
106 0.37
107 0.49
108 0.41
