1 0.09
2 0.26
3 0.34
4 0.55
5 0.59
6 0.55
7 0.54
8 0.53
9 0.44
10 0.6
11 0.58
12 0.5
13 0.63
14 0.49
15 0.63
16 0.53
17 0.49
18 0.51
19 0.54
20 0.54
21 0.57
22 0.55
23 0.56
24 0.61
25 0.46
26 0.62
27 0.63
28 0.61
29 0.59
30 0.57
31 0.5
32 0.58
33 0.63
34 0.56
35 0.55
36 0.53
37 0.67
38 0.65
39 0.61
40 0.66
41 0.61
42 0.46
43 0.57
44 0.54
45 0.64
46 0.6
47 0.61
48 0.46
49 0.67
50 0.62
51 0.68
52 0.54
53 0.65
54 0.63
55 0.47
56 0.41
57 0.7
58 0.64
59 0.64
60 0.55
61 0.6
62 0.6
63 0.6
64 0.62
65 0.52
66 0.69
67 0.68
68 0.54
69 0.49
70 0.56
71 0.68
72 0.46
73 0.59
74 0.53
75 0.49
76 0.66
77 0.57
78 0.57
79 0.63
80 0.51
81 0.41
82 0.44
83 0.51
84 0.49
85 0.5
86 0.55
87 0.6
88 0.53
89 0.59
90 0.55
91 0.58
92 0.54
93 0.53
94 0.66
95 0.58
96 0.58
97 0.62
98 0.57
99 0.72
100 0.7
