1 0.28
2 0.45
3 0.55
4 0.61
5 0.48
6 0.37
7 0.4
8 0.41
9 0.47
10 0.45
11 0.58
12 0.68
13 0.49
14 0.58
15 0.63
16 0.52
17 0.47
18 0.45
19 0.54
20 0.52
21 0.6
22 0.49
23 0.61
24 0.54
25 0.61
26 0.53
27 0.47
28 0.55
29 0.5
30 0.59
31 0.56
32 0.57
33 0.56
34 0.46
35 0.5
36 0.55
37 0.59
38 0.45
39 0.57
40 0.5
41 0.39
42 0.52
43 0.49
44 0.62
45 0.61
46 0.45
47 0.47
48 0.56
49 0.63
50 0.63
51 0.57
52 0.53
53 0.47
54 0.63
55 0.54
56 0.5
57 0.51
58 0.56
59 0.53
60 0.63
61 0.52
62 0.51
63 0.61
64 0.64
65 0.57
66 0.55
67 0.61
68 0.57
69 0.53
70 0.45
71 0.39
72 0.53
73 0.55
74 0.53
75 0.55
76 0.59
77 0.57
78 0.49
79 0.55
80 0.48
81 0.59
82 0.57
83 0.45
84 0.59
85 0.53
86 0.53
87 0.55
88 0.57
89 0.56
90 0.64
91 0.55
92 0.46
93 0.58
94 0.51
95 0.47
96 0.51
97 0.51
98 0.42
99 0.54
100 0.45
101 0.47
102 0.52
103 0.42
104 0.52
105 0.42
106 0.62
107 0.53
108 0.56
