1 0.12
2 0.17
3 0.17
4 0.17
5 0.19
6 0.18
7 0.2
8 0.13
9 0.11
10 0.16
11 0.19
12 0.17
13 0.19
14 0.14
15 0.21
16 0.15
17 0.28
18 0.17
19 0.2
20 0.19
21 0.23
22 0.22
23 0.23
24 0.21
25 0.21
26 0.21
27 0.17
28 0.18
29 0.22
30 0.22
31 0.21
32 0.13
33 0.16
34 0.17
35 0.15
36 0.27
37 0.17
38 0.22
39 0.14
40 0.1
41 0.28
42 0.16
43 0.13
44 0.11
45 0.16
46 0.24
47 0.18
48 0.22
49 0.15
50 0.12
51 0.17
52 0.19
53 0.15
54 0.16
55 0.17
56 0.11
57 0.17
58 0.18
59 0.15
60 0.22
61 0.17
62 0.26
63 0.22
64 0.08
65 0.17
66 0.19
67 0.17
68 0.17
69 0.15
70 0.13
71 0.15
72 0.18
73 0.19
74 0.21
75 0.19
76 0.14
77 0.16
78 0.14
79 0.18
80 0.15
81 0.13
82 0.18
83 0.19
84 0.17
85 0.26
86 0.12
87 0.24
88 0.22
89 0.23
90 0.16
91 0.14
92 0.18
93 0.23
94 0.16
95 0.18
96 0.24
97 0.13
98 0.19
99 0.17
100 0.16
