1 0.2
2 0.47
3 0.54
4 0.49
5 0.45
6 0.5
7 0.57
8 0.5
9 0.61
10 0.62
11 0.6
12 0.55
13 0.53
14 0.52
15 0.54
16 0.46
17 0.49
18 0.62
19 0.45
20 0.55
21 0.5
22 0.56
23 0.37
24 0.57
25 0.55
26 0.59
27 0.58
28 0.56
29 0.33
30 0.5
31 0.58
32 0.56
33 0.68
34 0.48
35 0.46
36 0.58
37 0.43
38 0.58
39 0.57
40 0.56
41 0.42
42 0.48
43 0.43
44 0.51
45 0.58
46 0.38
47 0.44
48 0.56
49 0.47
50 0.53
51 0.46
52 0.56
53 0.5
54 0.44
55 0.42
56 0.42
57 0.54
58 0.6
59 0.59
60 0.52
61 0.56
62 0.59
63 0.66
64 0.49
65 0.52
66 0.46
67 0.49
68 0.46
69 0.43
70 0.52
71 0.46
72 0.53
73 0.65
74 0.57
75 0.67
76 0.52
77 0.44
78 0.61
79 0.63
80 0.59
81 0.46
82 0.58
83 0.39
84 0.48
85 0.66
86 0.35
87 0.56
88 0.66
89 0.57
90 0.53
91 0.59
92 0.59
93 0.49
94 0.47
95 0.34
96 0.53
97 0.45
98 0.49
99 0.48
100 0.48
