1 0.23
2 0.33
3 0.54
4 0.5
5 0.63
6 0.47
7 0.46
8 0.56
9 0.52
10 0.63
11 0.58
12 0.6
13 0.67
14 0.57
15 0.55
16 0.53
17 0.51
18 0.61
19 0.73
20 0.54
21 0.53
22 0.75
23 0.65
24 0.66
25 0.72
26 0.61
27 0.59
28 0.54
29 0.63
30 0.66
31 0.54
32 0.56
33 0.55
34 0.57
35 0.61
36 0.51
37 0.43
38 0.48
39 0.52
40 0.61
41 0.62
42 0.64
43 0.57
44 0.59
45 0.6
46 0.51
47 0.7
48 0.67
49 0.57
50 0.64
51 0.64
52 0.6
53 0.41
54 0.52
55 0.48
56 0.57
57 0.51
58 0.62
59 0.59
60 0.58
61 0.6
62 0.58
63 0.44
64 0.53
65 0.53
66 0.6
67 0.61
68 0.58
69 0.61
70 0.65
71 0.61
72 0.63
73 0.6
74 0.56
75 0.51
76 0.5
77 0.61
78 0.57
79 0.64
80 0.63
81 0.6
82 0.64
83 0.59
84 0.65
85 0.47
86 0.54
87 0.6
88 0.7
89 0.57
90 0.78
91 0.7
92 0.69
93 0.6
94 0.53
95 0.58
96 0.66
97 0.52
98 0.53
99 0.62
100 0.69
101 0.64
