1 0.16
2 0.2
3 0.27
4 0.23
5 0.4
6 0.35
7 0.33
8 0.33
9 0.28
10 0.24
11 0.37
12 0.2
13 0.24
14 0.29
15 0.3
16 0.3
17 0.37
18 0.4
19 0.31
20 0.32
21 0.34
22 0.32
23 0.28
24 0.29
25 0.24
26 0.3
27 0.2
28 0.27
29 0.18
30 0.18
31 0.35
32 0.35
33 0.32
34 0.2
35 0.26
36 0.22
37 0.3
38 0.21
39 0.27
40 0.25
41 0.3
42 0.26
43 0.36
44 0.25
45 0.3
46 0.36
47 0.36
48 0.22
49 0.36
50 0.21
51 0.2
52 0.32
53 0.22
54 0.31
55 0.22
56 0.32
57 0.25
58 0.32
59 0.27
60 0.18
61 0.22
62 0.25
63 0.22
64 0.28
65 0.32
66 0.28
67 0.23
68 0.3
69 0.22
70 0.28
71 0.26
72 0.33
73 0.18
74 0.11
75 0.2
76 0.25
77 0.24
78 0.28
79 0.19
80 0.19
81 0.22
82 0.21
83 0.23
84 0.31
85 0.23
86 0.29
87 0.28
88 0.44
89 0.21
90 0.28
91 0.26
92 0.39
93 0.19
94 0.27
95 0.28
96 0.32
97 0.24
98 0.34
99 0.17
100 0.27
