1 0.25
2 0.58
3 0.36
4 0.42
5 0.37
6 0.43
7 0.42
8 0.48
9 0.59
10 0.49
11 0.63
12 0.45
13 0.44
14 0.47
15 0.48
16 0.36
17 0.44
18 0.56
19 0.55
20 0.51
21 0.51
22 0.45
23 0.53
24 0.63
25 0.58
26 0.59
27 0.54
28 0.44
29 0.36
30 0.43
31 0.55
32 0.5
33 0.53
34 0.59
35 0.65
36 0.55
37 0.62
38 0.63
39 0.43
40 0.41
41 0.48
42 0.52
43 0.53
44 0.54
45 0.48
46 0.44
47 0.46
48 0.51
49 0.55
50 0.62
51 0.49
52 0.42
53 0.5
54 0.51
55 0.57
56 0.7
57 0.56
58 0.42
59 0.42
60 0.42
61 0.54
62 0.54
63 0.58
64 0.59
65 0.47
66 0.45
67 0.44
68 0.47
69 0.51
70 0.59
71 0.62
72 0.59
73 0.51
74 0.6
75 0.56
76 0.55
77 0.48
78 0.58
79 0.44
80 0.44
81 0.43
82 0.54
83 0.43
84 0.47
85 0.4
86 0.53
87 0.61
88 0.37
89 0.4
90 0.57
91 0.53
92 0.51
93 0.46
94 0.52
95 0.57
96 0.58
97 0.61
98 0.7
99 0.56
100 0.62
101 0.58
102 0.62
103 0.54
104 0.46
105 0.59
106 0.57
107 0.44
108 0.45
109 0.58
110 0.52
