1 0.16
2 0.27
3 0.26
4 0.22
5 0.28
6 0.42
7 0.44
8 0.36
9 0.35
10 0.45
11 0.39
12 0.3
13 0.39
14 0.47
15 0.5
16 0.54
17 0.48
18 0.35
19 0.38
20 0.33
21 0.28
22 0.37
23 0.5
24 0.35
25 0.32
26 0.47
27 0.46
28 0.49
29 0.44
30 0.37
31 0.44
32 0.43
33 0.34
34 0.36
35 0.48
36 0.48
37 0.46
38 0.47
39 0.47
40 0.47
41 0.55
42 0.35
43 0.34
44 0.38
45 0.43
46 0.49
47 0.59
48 0.31
49 0.37
50 0.43
51 0.52
52 0.47
53 0.37
54 0.29
55 0.51
56 0.54
57 0.42
58 0.49
59 0.54
60 0.31
61 0.51
62 0.4
63 0.35
64 0.44
65 0.53
66 0.43
67 0.32
68 0.36
69 0.28
70 0.43
71 0.42
72 0.47
73 0.51
74 0.45
75 0.51
76 0.5
77 0.56
78 0.46
79 0.61
80 0.59
81 0.42
82 0.34
83 0.59
84 0.58
85 0.34
86 0.48
87 0.31
88 0.4
89 0.4
90 0.48
91 0.36
92 0.41
93 0.44
94 0.61
95 0.43
96 0.41
97 0.49
98 0.43
99 0.38
100 0.45
101 0.52
102 0.56
103 0.46
104 0.44
105 0.43
106 0.53
