Start writing log
gamma,   0.90
alpha,   0.10
epsilon, 0.10
0 - 100  win rate, 88
100 - 200  win rate, 28
200 - 300  win rate, 1
300 - 400  win rate, 2
400 - 500  win rate, 73
500 - 600  win rate, 97
600 - 700  win rate, 96
700 - 800  win rate, 95
800 - 900  win rate, 96
900 - 1000  win rate, 96
1000 - 1100  win rate, 91
1100 - 1200  win rate, 26
1200 - 1300  win rate, 25
1300 - 1400  win rate, 77
1400 - 1500  win rate, 94
1500 - 1600  win rate, 74
1600 - 1700  win rate, 25
1700 - 1800  win rate, 49
1800 - 1900  win rate, 23
1900 - 2000  win rate, 61
2000 - 2100  win rate, 66
2100 - 2200  win rate, 20
2200 - 2300  win rate, 4
2300 - 2400  win rate, 79
2400 - 2500  win rate, 98
2500 - 2600  win rate, 96
2600 - 2700  win rate, 90
2700 - 2800  win rate, 94
2800 - 2900  win rate, 97
2900 - 3000  win rate, 57
3000 - 3100  win rate, 0
3100 - 3200  win rate, 0
3200 - 3300  win rate, 91
3300 - 3400  win rate, 96
3400 - 3500  win rate, 74
3500 - 3600  win rate, 81
3600 - 3700  win rate, 60
3700 - 3800  win rate, 98
3800 - 3900  win rate, 91
3900 - 4000  win rate, 97
4000 - 4100  win rate, 97
4100 - 4200  win rate, 97
4200 - 4300  win rate, 98
4300 - 4400  win rate, 93
4400 - 4500  win rate, 98
4500 - 4600  win rate, 97
4600 - 4700  win rate, 97
4700 - 4800  win rate, 96
4800 - 4900  win rate, 99
4900 - 5000  win rate, 96
5000 - 5100  win rate, 93
5100 - 5200  win rate, 93
5200 - 5300  win rate, 90
5300 - 5400  win rate, 97
5400 - 5500  win rate, 54
5500 - 5600  win rate, 87
5600 - 5700  win rate, 95
5700 - 5800  win rate, 97
5800 - 5900  win rate, 97
5900 - 6000  win rate, 90
6000 - 6100  win rate, 94
6100 - 6200  win rate, 96
6200 - 6300  win rate, 95
6300 - 6400  win rate, 95
6400 - 6500  win rate, 92
6500 - 6600  win rate, 94
6600 - 6700  win rate, 95
6700 - 6800  win rate, 87
6800 - 6900  win rate, 72
6900 - 7000  win rate, 98
7000 - 7100  win rate, 78
7100 - 7200  win rate, 90
7200 - 7300  win rate, 77
7300 - 7400  win rate, 58
7400 - 7500  win rate, 80
7500 - 7600  win rate, 50
7600 - 7700  win rate, 76
7700 - 7800  win rate, 76
7800 - 7900  win rate, 86
7900 - 8000  win rate, 79
8000 - 8100  win rate, 86
8100 - 8200  win rate, 90
8200 - 8300  win rate, 88
8300 - 8400  win rate, 88
8400 - 8500  win rate, 89
8500 - 8600  win rate, 90
8600 - 8700  win rate, 88
8700 - 8800  win rate, 86
8800 - 8900  win rate, 90
8900 - 9000  win rate, 89
9000 - 9100  win rate, 81
9100 - 9200  win rate, 89
9200 - 9300  win rate, 89
9300 - 9400  win rate, 83
9400 - 9500  win rate, 96
9500 - 9600  win rate, 97
9600 - 9700  win rate, 84
9700 - 9800  win rate, 93
9800 - 9900  win rate, 87
